2022-05-20 15:00:10.668  INFO 22884 --- [restartedMain] b.com.seap.livraria.LivrariaApplication  : Starting LivrariaApplication using Java 17.0.3 on ygorsds with PID 22884 (/home/ygorsds/dev/projects/livraria/build/classes/java/main started by ygorsds in /home/ygorsds/dev/projects/livraria)
2022-05-20 15:00:10.669  INFO 22884 --- [restartedMain] b.com.seap.livraria.LivrariaApplication  : No active profile set, falling back to 1 default profile: "default"
2022-05-20 15:00:10.711  INFO 22884 --- [restartedMain] .e.DevToolsPropertyDefaultsPostProcessor : Devtools property defaults active! Set 'spring.devtools.add-properties' to 'false' to disable
2022-05-20 15:00:10.711  INFO 22884 --- [restartedMain] .e.DevToolsPropertyDefaultsPostProcessor : For additional web related logging consider setting the 'logging.level.web' property to 'DEBUG'
2022-05-20 15:00:31.508  INFO 22884 --- [restartedMain] .s.d.r.c.RepositoryConfigurationDelegate : Bootstrapping Spring Data JPA repositories in DEFAULT mode.
2022-05-20 15:00:31.652  INFO 22884 --- [restartedMain] .s.d.r.c.RepositoryConfigurationDelegate : Finished Spring Data repository scanning in 99 ms. Found 1 JPA repository interfaces.
2022-05-20 15:00:36.317  INFO 22884 --- [restartedMain] o.s.b.w.embedded.tomcat.TomcatWebServer  : Tomcat initialized with port(s): 8080 (http)
2022-05-20 15:00:37.732  INFO 22884 --- [restartedMain] o.apache.catalina.core.StandardService   : Starting service [Tomcat]
2022-05-20 15:00:37.748  INFO 22884 --- [restartedMain] org.apache.catalina.core.StandardEngine  : Starting Servlet engine: [Apache Tomcat/9.0.62]
2022-05-20 15:00:39.406  INFO 22884 --- [restartedMain] o.a.c.c.C.[Tomcat].[localhost].[/]       : Initializing Spring embedded WebApplicationContext
2022-05-20 15:00:39.451  INFO 22884 --- [restartedMain] w.s.c.ServletWebServerApplicationContext : Root WebApplicationContext: initialization completed in 28735 ms
2022-05-20 15:00:39.900  INFO 22884 --- [restartedMain] com.zaxxer.hikari.HikariDataSource       : HikariPool-1 - Starting...
2022-05-20 15:00:40.081  INFO 22884 --- [restartedMain] com.zaxxer.hikari.HikariDataSource       : HikariPool-1 - Start completed.
2022-05-20 15:00:40.088  INFO 22884 --- [restartedMain] o.s.b.a.h2.H2ConsoleAutoConfiguration    : H2 console available at '/h2-console'. Database available at 'jdbc:h2:mem:78783c7b-884b-4df8-8956-d8a30d9a2372'
2022-05-20 15:00:40.296  INFO 22884 --- [restartedMain] o.hibernate.jpa.internal.util.LogHelper  : HHH000204: Processing PersistenceUnitInfo [name: default]
2022-05-20 15:00:40.350  INFO 22884 --- [restartedMain] org.hibernate.Version                    : HHH000412: Hibernate ORM core version 5.6.8.Final
2022-05-20 15:00:40.630  INFO 22884 --- [restartedMain] o.hibernate.annotations.common.Version   : HCANN000001: Hibernate Commons Annotations {5.1.2.Final}
2022-05-20 15:00:40.875  INFO 22884 --- [restartedMain] org.hibernate.dialect.Dialect            : HHH000400: Using dialect: org.hibernate.dialect.H2Dialect
2022-05-20 15:00:41.379  INFO 22884 --- [restartedMain] o.h.e.t.j.p.i.JtaPlatformInitiator       : HHH000490: Using JtaPlatform implementation: [org.hibernate.engine.transaction.jta.platform.internal.NoJtaPlatform]
2022-05-20 15:00:41.389  INFO 22884 --- [restartedMain] j.LocalContainerEntityManagerFactoryBean : Initialized JPA EntityManagerFactory for persistence unit 'default'
2022-05-20 15:00:42.196  WARN 22884 --- [restartedMain] JpaBaseConfiguration$JpaWebConfiguration : spring.jpa.open-in-view is enabled by default. Therefore, database queries may be performed during view rendering. Explicitly configure spring.jpa.open-in-view to disable this warning
2022-05-20 15:00:50.874  WARN 22884 --- [restartedMain] o.s.b.d.a.OptionalLiveReloadServer       : Unable to start LiveReload server
2022-05-20 15:00:50.983  INFO 22884 --- [restartedMain] o.s.b.a.e.web.EndpointLinksResolver      : Exposing 14 endpoint(s) beneath base path '/actuator'
2022-05-20 15:00:51.128  INFO 22884 --- [restartedMain] o.s.b.w.embedded.tomcat.TomcatWebServer  : Tomcat started on port(s): 8080 (http) with context path ''
2022-05-20 15:00:51.152  INFO 22884 --- [restartedMain] b.com.seap.livraria.LivrariaApplication  : Started LivrariaApplication in 40.788 seconds (JVM running for 41.341)
2022-05-20 15:00:52.411  WARN 22884 --- [registrationTask1] d.c.b.a.c.r.ApplicationRegistrator       : Failed to register application as Application(name=spring-boot-application, managementUrl=http://ygorsds:8080/actuator, healthUrl=http://ygorsds:8080/actuator/health, serviceUrl=http://ygorsds:8080/) at spring-boot-admin ([http://localhost:8081//instances]): 401 : [no body]. Further attempts are logged on DEBUG level
2022-05-20 15:04:46.318  INFO 22884 --- [SpringApplicationShutdownHook] j.LocalContainerEntityManagerFactoryBean : Closing JPA EntityManagerFactory for persistence unit 'default'
2022-05-20 15:04:46.319  INFO 22884 --- [SpringApplicationShutdownHook] .SchemaDropperImpl$DelayedDropActionImpl : HHH000477: Starting delayed evictData of schema as part of SessionFactory shut-down'
2022-05-20 15:04:46.538  WARN 22884 --- [SpringApplicationShutdownHook] o.s.b.f.support.DisposableBeanAdapter    : Invocation of destroy method failed on bean with name 'inMemoryDatabaseShutdownExecutor': org.h2.jdbc.JdbcSQLNonTransientConnectionException: Database is already closed (to disable automatic closing at VM shutdown, add ";DB_CLOSE_ON_EXIT=FALSE" to the db URL) [90121-200]
2022-05-20 15:04:46.540  INFO 22884 --- [SpringApplicationShutdownHook] com.zaxxer.hikari.HikariDataSource       : HikariPool-1 - Shutdown initiated...
2022-05-20 15:04:46.543  INFO 22884 --- [SpringApplicationShutdownHook] com.zaxxer.hikari.HikariDataSource       : HikariPool-1 - Shutdown completed.
2022-05-20 15:04:49.323  INFO 23702 --- [restartedMain] b.com.seap.livraria.LivrariaApplication  : Starting LivrariaApplication using Java 17.0.3 on ygorsds with PID 23702 (/home/ygorsds/dev/projects/livraria/build/classes/java/main started by ygorsds in /home/ygorsds/dev/projects/livraria)
2022-05-20 15:04:49.325  INFO 23702 --- [restartedMain] b.com.seap.livraria.LivrariaApplication  : No active profile set, falling back to 1 default profile: "default"
2022-05-20 15:04:49.370  INFO 23702 --- [restartedMain] .e.DevToolsPropertyDefaultsPostProcessor : Devtools property defaults active! Set 'spring.devtools.add-properties' to 'false' to disable
2022-05-20 15:04:49.370  INFO 23702 --- [restartedMain] .e.DevToolsPropertyDefaultsPostProcessor : For additional web related logging consider setting the 'logging.level.web' property to 'DEBUG'
2022-05-20 15:04:50.002  INFO 23702 --- [restartedMain] .s.d.r.c.RepositoryConfigurationDelegate : Bootstrapping Spring Data JPA repositories in DEFAULT mode.
2022-05-20 15:04:50.037  INFO 23702 --- [restartedMain] .s.d.r.c.RepositoryConfigurationDelegate : Finished Spring Data repository scanning in 26 ms. Found 1 JPA repository interfaces.
2022-05-20 15:04:50.427  INFO 23702 --- [restartedMain] o.s.b.w.embedded.tomcat.TomcatWebServer  : Tomcat initialized with port(s): 8080 (http)
2022-05-20 15:04:50.434  INFO 23702 --- [restartedMain] o.apache.catalina.core.StandardService   : Starting service [Tomcat]
2022-05-20 15:04:50.434  INFO 23702 --- [restartedMain] org.apache.catalina.core.StandardEngine  : Starting Servlet engine: [Apache Tomcat/9.0.62]
2022-05-20 15:04:50.476  INFO 23702 --- [restartedMain] o.a.c.c.C.[Tomcat].[localhost].[/]       : Initializing Spring embedded WebApplicationContext
2022-05-20 15:04:50.476  INFO 23702 --- [restartedMain] w.s.c.ServletWebServerApplicationContext : Root WebApplicationContext: initialization completed in 1105 ms
2022-05-20 15:04:50.583  INFO 23702 --- [restartedMain] com.zaxxer.hikari.HikariDataSource       : HikariPool-1 - Starting...
2022-05-20 15:04:50.708  INFO 23702 --- [restartedMain] com.zaxxer.hikari.HikariDataSource       : HikariPool-1 - Start completed.
2022-05-20 15:04:50.715  INFO 23702 --- [restartedMain] o.s.b.a.h2.H2ConsoleAutoConfiguration    : H2 console available at '/h2-console'. Database available at 'jdbc:h2:mem:2257d1b0-9a0a-4a63-bf65-e15f91ff5eda'
2022-05-20 15:04:50.848  INFO 23702 --- [restartedMain] o.hibernate.jpa.internal.util.LogHelper  : HHH000204: Processing PersistenceUnitInfo [name: default]
2022-05-20 15:04:50.899  INFO 23702 --- [restartedMain] org.hibernate.Version                    : HHH000412: Hibernate ORM core version 5.6.8.Final
2022-05-20 15:04:51.057  INFO 23702 --- [restartedMain] o.hibernate.annotations.common.Version   : HCANN000001: Hibernate Commons Annotations {5.1.2.Final}
2022-05-20 15:04:51.172  INFO 23702 --- [restartedMain] org.hibernate.dialect.Dialect            : HHH000400: Using dialect: org.hibernate.dialect.H2Dialect
2022-05-20 15:04:51.523  INFO 23702 --- [restartedMain] o.h.e.t.j.p.i.JtaPlatformInitiator       : HHH000490: Using JtaPlatform implementation: [org.hibernate.engine.transaction.jta.platform.internal.NoJtaPlatform]
2022-05-20 15:04:51.527  INFO 23702 --- [restartedMain] j.LocalContainerEntityManagerFactoryBean : Initialized JPA EntityManagerFactory for persistence unit 'default'
2022-05-20 15:04:51.808  WARN 23702 --- [restartedMain] JpaBaseConfiguration$JpaWebConfiguration : spring.jpa.open-in-view is enabled by default. Therefore, database queries may be performed during view rendering. Explicitly configure spring.jpa.open-in-view to disable this warning
2022-05-20 15:04:52.324  WARN 23702 --- [restartedMain] o.s.b.d.a.OptionalLiveReloadServer       : Unable to start LiveReload server
2022-05-20 15:04:52.328  INFO 23702 --- [restartedMain] o.s.b.a.e.web.EndpointLinksResolver      : Exposing 14 endpoint(s) beneath base path '/actuator'
2022-05-20 15:04:52.362  INFO 23702 --- [restartedMain] o.s.b.w.embedded.tomcat.TomcatWebServer  : Tomcat started on port(s): 8080 (http) with context path ''
2022-05-20 15:04:52.378  INFO 23702 --- [restartedMain] b.com.seap.livraria.LivrariaApplication  : Started LivrariaApplication in 3.289 seconds (JVM running for 3.579)
2022-05-20 15:04:52.466  WARN 23702 --- [registrationTask1] d.c.b.a.c.r.ApplicationRegistrator       : Failed to register application as Application(name=spring-boot-application, managementUrl=http://ygorsds:8080/actuator, healthUrl=http://ygorsds:8080/actuator/health, serviceUrl=http://ygorsds:8080/) at spring-boot-admin ([http://localhost:8081//instances]): 401 : [no body]. Further attempts are logged on DEBUG level
2022-05-20 15:05:07.054  INFO 23702 --- [SpringApplicationShutdownHook] j.LocalContainerEntityManagerFactoryBean : Closing JPA EntityManagerFactory for persistence unit 'default'
2022-05-20 15:05:07.055  INFO 23702 --- [SpringApplicationShutdownHook] .SchemaDropperImpl$DelayedDropActionImpl : HHH000477: Starting delayed evictData of schema as part of SessionFactory shut-down'
2022-05-20 15:05:07.265  WARN 23702 --- [SpringApplicationShutdownHook] o.s.b.f.support.DisposableBeanAdapter    : Invocation of destroy method failed on bean with name 'inMemoryDatabaseShutdownExecutor': org.h2.jdbc.JdbcSQLNonTransientConnectionException: Database is already closed (to disable automatic closing at VM shutdown, add ";DB_CLOSE_ON_EXIT=FALSE" to the db URL) [90121-200]
2022-05-20 15:05:07.266  INFO 23702 --- [SpringApplicationShutdownHook] com.zaxxer.hikari.HikariDataSource       : HikariPool-1 - Shutdown initiated...
2022-05-20 15:05:07.269  INFO 23702 --- [SpringApplicationShutdownHook] com.zaxxer.hikari.HikariDataSource       : HikariPool-1 - Shutdown completed.
2022-05-20 15:05:28.935  INFO 23907 --- [restartedMain] b.com.seap.livraria.LivrariaApplication  : Starting LivrariaApplication using Java 17.0.3 on ygorsds with PID 23907 (/home/ygorsds/dev/projects/livraria/build/classes/java/main started by ygorsds in /home/ygorsds/dev/projects/livraria)
2022-05-20 15:05:28.937  INFO 23907 --- [restartedMain] b.com.seap.livraria.LivrariaApplication  : No active profile set, falling back to 1 default profile: "default"
2022-05-20 15:05:28.997  INFO 23907 --- [restartedMain] .e.DevToolsPropertyDefaultsPostProcessor : Devtools property defaults active! Set 'spring.devtools.add-properties' to 'false' to disable
2022-05-20 15:05:28.997  INFO 23907 --- [restartedMain] .e.DevToolsPropertyDefaultsPostProcessor : For additional web related logging consider setting the 'logging.level.web' property to 'DEBUG'
2022-05-20 15:05:29.791  INFO 23907 --- [restartedMain] .s.d.r.c.RepositoryConfigurationDelegate : Bootstrapping Spring Data JPA repositories in DEFAULT mode.
2022-05-20 15:05:29.827  INFO 23907 --- [restartedMain] .s.d.r.c.RepositoryConfigurationDelegate : Finished Spring Data repository scanning in 29 ms. Found 1 JPA repository interfaces.
2022-05-20 15:05:30.310  INFO 23907 --- [restartedMain] o.s.b.w.embedded.tomcat.TomcatWebServer  : Tomcat initialized with port(s): 8080 (http)
2022-05-20 15:05:30.318  INFO 23907 --- [restartedMain] o.apache.catalina.core.StandardService   : Starting service [Tomcat]
2022-05-20 15:05:30.318  INFO 23907 --- [restartedMain] org.apache.catalina.core.StandardEngine  : Starting Servlet engine: [Apache Tomcat/9.0.62]
2022-05-20 15:05:30.364  INFO 23907 --- [restartedMain] o.a.c.c.C.[Tomcat].[localhost].[/]       : Initializing Spring embedded WebApplicationContext
2022-05-20 15:05:30.364  INFO 23907 --- [restartedMain] w.s.c.ServletWebServerApplicationContext : Root WebApplicationContext: initialization completed in 1366 ms
2022-05-20 15:05:30.460  INFO 23907 --- [restartedMain] com.zaxxer.hikari.HikariDataSource       : HikariPool-1 - Starting...
2022-05-20 15:05:30.559  INFO 23907 --- [restartedMain] com.zaxxer.hikari.HikariDataSource       : HikariPool-1 - Start completed.
2022-05-20 15:05:30.568  INFO 23907 --- [restartedMain] o.s.b.a.h2.H2ConsoleAutoConfiguration    : H2 console available at '/h2-console'. Database available at 'jdbc:h2:mem:a98aa49c-4a3b-450c-a623-5c7caa7e55a7'
2022-05-20 15:05:30.743  INFO 23907 --- [restartedMain] o.hibernate.jpa.internal.util.LogHelper  : HHH000204: Processing PersistenceUnitInfo [name: default]
2022-05-20 15:05:30.794  INFO 23907 --- [restartedMain] org.hibernate.Version                    : HHH000412: Hibernate ORM core version 5.6.8.Final
2022-05-20 15:05:30.956  INFO 23907 --- [restartedMain] o.hibernate.annotations.common.Version   : HCANN000001: Hibernate Commons Annotations {5.1.2.Final}
2022-05-20 15:05:31.086  INFO 23907 --- [restartedMain] org.hibernate.dialect.Dialect            : HHH000400: Using dialect: org.hibernate.dialect.H2Dialect
2022-05-20 15:05:31.519  INFO 23907 --- [restartedMain] o.h.e.t.j.p.i.JtaPlatformInitiator       : HHH000490: Using JtaPlatform implementation: [org.hibernate.engine.transaction.jta.platform.internal.NoJtaPlatform]
2022-05-20 15:05:31.524  INFO 23907 --- [restartedMain] j.LocalContainerEntityManagerFactoryBean : Initialized JPA EntityManagerFactory for persistence unit 'default'
2022-05-20 15:05:31.883  WARN 23907 --- [restartedMain] JpaBaseConfiguration$JpaWebConfiguration : spring.jpa.open-in-view is enabled by default. Therefore, database queries may be performed during view rendering. Explicitly configure spring.jpa.open-in-view to disable this warning
2022-05-20 15:05:32.404  WARN 23907 --- [restartedMain] o.s.b.d.a.OptionalLiveReloadServer       : Unable to start LiveReload server
2022-05-20 15:05:32.408  INFO 23907 --- [restartedMain] o.s.b.a.e.web.EndpointLinksResolver      : Exposing 14 endpoint(s) beneath base path '/actuator'
2022-05-20 15:05:32.440  INFO 23907 --- [restartedMain] o.s.b.w.embedded.tomcat.TomcatWebServer  : Tomcat started on port(s): 8080 (http) with context path ''
2022-05-20 15:05:32.455  INFO 23907 --- [restartedMain] b.com.seap.livraria.LivrariaApplication  : Started LivrariaApplication in 3.81 seconds (JVM running for 4.078)
2022-05-20 15:05:32.537  WARN 23907 --- [registrationTask1] d.c.b.a.c.r.ApplicationRegistrator       : Failed to register application as Application(name=spring-boot-application, managementUrl=http://ygorsds:8080/actuator, healthUrl=http://ygorsds:8080/actuator/health, serviceUrl=http://ygorsds:8080/) at spring-boot-admin ([http://localhost:8081//instances]): 401 : [no body]. Further attempts are logged on DEBUG level
2022-05-20 15:06:04.675  INFO 23907 --- [SpringApplicationShutdownHook] j.LocalContainerEntityManagerFactoryBean : Closing JPA EntityManagerFactory for persistence unit 'default'
2022-05-20 15:06:04.676  INFO 23907 --- [SpringApplicationShutdownHook] .SchemaDropperImpl$DelayedDropActionImpl : HHH000477: Starting delayed evictData of schema as part of SessionFactory shut-down'
2022-05-20 15:06:04.888  WARN 23907 --- [SpringApplicationShutdownHook] o.s.b.f.support.DisposableBeanAdapter    : Invocation of destroy method failed on bean with name 'inMemoryDatabaseShutdownExecutor': org.h2.jdbc.JdbcSQLNonTransientConnectionException: Database is already closed (to disable automatic closing at VM shutdown, add ";DB_CLOSE_ON_EXIT=FALSE" to the db URL) [90121-200]
2022-05-20 15:06:04.890  INFO 23907 --- [SpringApplicationShutdownHook] com.zaxxer.hikari.HikariDataSource       : HikariPool-1 - Shutdown initiated...
2022-05-20 15:06:04.893  INFO 23907 --- [SpringApplicationShutdownHook] com.zaxxer.hikari.HikariDataSource       : HikariPool-1 - Shutdown completed.
2022-05-20 15:06:07.215  INFO 24203 --- [restartedMain] b.com.seap.livraria.LivrariaApplication  : Starting LivrariaApplication using Java 17.0.3 on ygorsds with PID 24203 (/home/ygorsds/dev/projects/livraria/build/classes/java/main started by ygorsds in /home/ygorsds/dev/projects/livraria)
2022-05-20 15:06:07.216  INFO 24203 --- [restartedMain] b.com.seap.livraria.LivrariaApplication  : No active profile set, falling back to 1 default profile: "default"
2022-05-20 15:06:07.255  INFO 24203 --- [restartedMain] .e.DevToolsPropertyDefaultsPostProcessor : Devtools property defaults active! Set 'spring.devtools.add-properties' to 'false' to disable
2022-05-20 15:06:07.255  INFO 24203 --- [restartedMain] .e.DevToolsPropertyDefaultsPostProcessor : For additional web related logging consider setting the 'logging.level.web' property to 'DEBUG'
2022-05-20 15:06:07.808  INFO 24203 --- [restartedMain] .s.d.r.c.RepositoryConfigurationDelegate : Bootstrapping Spring Data JPA repositories in DEFAULT mode.
2022-05-20 15:06:07.843  INFO 24203 --- [restartedMain] .s.d.r.c.RepositoryConfigurationDelegate : Finished Spring Data repository scanning in 28 ms. Found 1 JPA repository interfaces.
2022-05-20 15:06:08.297  INFO 24203 --- [restartedMain] o.s.b.w.embedded.tomcat.TomcatWebServer  : Tomcat initialized with port(s): 8080 (http)
2022-05-20 15:06:08.304  INFO 24203 --- [restartedMain] o.apache.catalina.core.StandardService   : Starting service [Tomcat]
2022-05-20 15:06:08.305  INFO 24203 --- [restartedMain] org.apache.catalina.core.StandardEngine  : Starting Servlet engine: [Apache Tomcat/9.0.62]
2022-05-20 15:06:08.345  INFO 24203 --- [restartedMain] o.a.c.c.C.[Tomcat].[localhost].[/]       : Initializing Spring embedded WebApplicationContext
2022-05-20 15:06:08.346  INFO 24203 --- [restartedMain] w.s.c.ServletWebServerApplicationContext : Root WebApplicationContext: initialization completed in 1090 ms
2022-05-20 15:06:08.435  INFO 24203 --- [restartedMain] com.zaxxer.hikari.HikariDataSource       : HikariPool-1 - Starting...
2022-05-20 15:06:08.538  INFO 24203 --- [restartedMain] com.zaxxer.hikari.HikariDataSource       : HikariPool-1 - Start completed.
2022-05-20 15:06:08.546  INFO 24203 --- [restartedMain] o.s.b.a.h2.H2ConsoleAutoConfiguration    : H2 console available at '/h2-console'. Database available at 'jdbc:h2:mem:953fba0d-6bb1-4823-9ae9-40bc020f2c5a'
2022-05-20 15:06:08.708  INFO 24203 --- [restartedMain] o.hibernate.jpa.internal.util.LogHelper  : HHH000204: Processing PersistenceUnitInfo [name: default]
2022-05-20 15:06:08.741  INFO 24203 --- [restartedMain] org.hibernate.Version                    : HHH000412: Hibernate ORM core version 5.6.8.Final
2022-05-20 15:06:08.845  INFO 24203 --- [restartedMain] o.hibernate.annotations.common.Version   : HCANN000001: Hibernate Commons Annotations {5.1.2.Final}
2022-05-20 15:06:08.921  INFO 24203 --- [restartedMain] org.hibernate.dialect.Dialect            : HHH000400: Using dialect: org.hibernate.dialect.H2Dialect
2022-05-20 15:06:09.276  INFO 24203 --- [restartedMain] o.h.e.t.j.p.i.JtaPlatformInitiator       : HHH000490: Using JtaPlatform implementation: [org.hibernate.engine.transaction.jta.platform.internal.NoJtaPlatform]
2022-05-20 15:06:09.280  INFO 24203 --- [restartedMain] j.LocalContainerEntityManagerFactoryBean : Initialized JPA EntityManagerFactory for persistence unit 'default'
2022-05-20 15:06:09.608  WARN 24203 --- [restartedMain] JpaBaseConfiguration$JpaWebConfiguration : spring.jpa.open-in-view is enabled by default. Therefore, database queries may be performed during view rendering. Explicitly configure spring.jpa.open-in-view to disable this warning
2022-05-20 15:06:10.131  WARN 24203 --- [restartedMain] o.s.b.d.a.OptionalLiveReloadServer       : Unable to start LiveReload server
2022-05-20 15:06:10.135  INFO 24203 --- [restartedMain] o.s.b.a.e.web.EndpointLinksResolver      : Exposing 14 endpoint(s) beneath base path '/actuator'
2022-05-20 15:06:10.166  INFO 24203 --- [restartedMain] o.s.b.w.embedded.tomcat.TomcatWebServer  : Tomcat started on port(s): 8080 (http) with context path ''
2022-05-20 15:06:10.181  INFO 24203 --- [restartedMain] b.com.seap.livraria.LivrariaApplication  : Started LivrariaApplication in 3.258 seconds (JVM running for 3.768)
2022-05-20 15:06:10.282  WARN 24203 --- [registrationTask1] d.c.b.a.c.r.ApplicationRegistrator       : Failed to register application as Application(name=spring-boot-application, managementUrl=http://ygorsds:8080/actuator, healthUrl=http://ygorsds:8080/actuator/health, serviceUrl=http://ygorsds:8080/) at spring-boot-admin ([http://localhost:8081//instances]): 401 : [no body]. Further attempts are logged on DEBUG level
2022-05-20 15:07:18.452  INFO 24203 --- [http-nio-8080-exec-1] o.a.c.c.C.[Tomcat].[localhost].[/]       : Initializing Spring DispatcherServlet 'dispatcherServlet'
2022-05-20 15:07:18.452  INFO 24203 --- [http-nio-8080-exec-1] o.s.web.servlet.DispatcherServlet        : Initializing Servlet 'dispatcherServlet'
2022-05-20 15:07:18.454  INFO 24203 --- [http-nio-8080-exec-1] o.s.web.servlet.DispatcherServlet        : Completed initialization in 2 ms
2022-05-20 15:07:18.705  WARN 24203 --- [http-nio-8080-exec-2] o.s.web.servlet.PageNotFound             : No mapping for GET /favicon.ico
2022-05-20 15:07:44.297  WARN 24203 --- [http-nio-8080-exec-3] o.s.web.servlet.PageNotFound             : No mapping for GET /
2022-05-20 15:10:52.552  WARN 24203 --- [http-nio-8080-exec-7] o.s.web.servlet.PageNotFound             : No mapping for GET /swagger.html
2022-05-20 15:11:28.739  WARN 24203 --- [http-nio-8080-exec-6] o.s.web.servlet.PageNotFound             : No mapping for GET /swagger.html
2022-05-20 15:17:00.228  INFO 24203 --- [SpringApplicationShutdownHook] j.LocalContainerEntityManagerFactoryBean : Closing JPA EntityManagerFactory for persistence unit 'default'
2022-05-20 15:17:00.233  INFO 24203 --- [SpringApplicationShutdownHook] .SchemaDropperImpl$DelayedDropActionImpl : HHH000477: Starting delayed evictData of schema as part of SessionFactory shut-down'
2022-05-20 15:17:00.453  WARN 24203 --- [SpringApplicationShutdownHook] o.s.b.f.support.DisposableBeanAdapter    : Invocation of destroy method failed on bean with name 'inMemoryDatabaseShutdownExecutor': org.h2.jdbc.JdbcSQLNonTransientConnectionException: Database is already closed (to disable automatic closing at VM shutdown, add ";DB_CLOSE_ON_EXIT=FALSE" to the db URL) [90121-200]
2022-05-20 15:17:00.455  INFO 24203 --- [SpringApplicationShutdownHook] com.zaxxer.hikari.HikariDataSource       : HikariPool-1 - Shutdown initiated...
2022-05-20 15:17:00.460  INFO 24203 --- [SpringApplicationShutdownHook] com.zaxxer.hikari.HikariDataSource       : HikariPool-1 - Shutdown completed.
2022-05-20 15:17:04.011  INFO 25509 --- [restartedMain] b.com.seap.livraria.LivrariaApplication  : Starting LivrariaApplication using Java 17.0.3 on ygorsds with PID 25509 (/home/ygorsds/dev/projects/livraria/build/classes/java/main started by ygorsds in /home/ygorsds/dev/projects/livraria)
2022-05-20 15:17:04.013  INFO 25509 --- [restartedMain] b.com.seap.livraria.LivrariaApplication  : No active profile set, falling back to 1 default profile: "default"
2022-05-20 15:17:04.082  INFO 25509 --- [restartedMain] .e.DevToolsPropertyDefaultsPostProcessor : Devtools property defaults active! Set 'spring.devtools.add-properties' to 'false' to disable
2022-05-20 15:17:04.082  INFO 25509 --- [restartedMain] .e.DevToolsPropertyDefaultsPostProcessor : For additional web related logging consider setting the 'logging.level.web' property to 'DEBUG'
2022-05-20 15:17:04.916  INFO 25509 --- [restartedMain] .s.d.r.c.RepositoryConfigurationDelegate : Bootstrapping Spring Data JPA repositories in DEFAULT mode.
2022-05-20 15:17:04.960  INFO 25509 --- [restartedMain] .s.d.r.c.RepositoryConfigurationDelegate : Finished Spring Data repository scanning in 35 ms. Found 1 JPA repository interfaces.
2022-05-20 15:17:05.458  INFO 25509 --- [restartedMain] o.s.b.w.embedded.tomcat.TomcatWebServer  : Tomcat initialized with port(s): 8080 (http)
2022-05-20 15:17:05.469  INFO 25509 --- [restartedMain] o.apache.catalina.core.StandardService   : Starting service [Tomcat]
2022-05-20 15:17:05.470  INFO 25509 --- [restartedMain] org.apache.catalina.core.StandardEngine  : Starting Servlet engine: [Apache Tomcat/9.0.62]
2022-05-20 15:17:05.518  INFO 25509 --- [restartedMain] o.a.c.c.C.[Tomcat].[localhost].[/]       : Initializing Spring embedded WebApplicationContext
2022-05-20 15:17:05.518  INFO 25509 --- [restartedMain] w.s.c.ServletWebServerApplicationContext : Root WebApplicationContext: initialization completed in 1435 ms
2022-05-20 15:17:05.625  INFO 25509 --- [restartedMain] com.zaxxer.hikari.HikariDataSource       : HikariPool-1 - Starting...
2022-05-20 15:17:05.745  INFO 25509 --- [restartedMain] com.zaxxer.hikari.HikariDataSource       : HikariPool-1 - Start completed.
2022-05-20 15:17:05.754  INFO 25509 --- [restartedMain] o.s.b.a.h2.H2ConsoleAutoConfiguration    : H2 console available at '/h2-console'. Database available at 'jdbc:h2:mem:26ed31a2-96ba-4ad9-b9f5-b2bc26b855fb'
2022-05-20 15:17:05.913  INFO 25509 --- [restartedMain] o.hibernate.jpa.internal.util.LogHelper  : HHH000204: Processing PersistenceUnitInfo [name: default]
2022-05-20 15:17:05.964  INFO 25509 --- [restartedMain] org.hibernate.Version                    : HHH000412: Hibernate ORM core version 5.6.8.Final
2022-05-20 15:17:06.117  INFO 25509 --- [restartedMain] o.hibernate.annotations.common.Version   : HCANN000001: Hibernate Commons Annotations {5.1.2.Final}
2022-05-20 15:17:06.211  INFO 25509 --- [restartedMain] org.hibernate.dialect.Dialect            : HHH000400: Using dialect: org.hibernate.dialect.H2Dialect
2022-05-20 15:17:06.581  INFO 25509 --- [restartedMain] o.h.e.t.j.p.i.JtaPlatformInitiator       : HHH000490: Using JtaPlatform implementation: [org.hibernate.engine.transaction.jta.platform.internal.NoJtaPlatform]
2022-05-20 15:17:06.586  INFO 25509 --- [restartedMain] j.LocalContainerEntityManagerFactoryBean : Initialized JPA EntityManagerFactory for persistence unit 'default'
2022-05-20 15:17:06.881  WARN 25509 --- [restartedMain] JpaBaseConfiguration$JpaWebConfiguration : spring.jpa.open-in-view is enabled by default. Therefore, database queries may be performed during view rendering. Explicitly configure spring.jpa.open-in-view to disable this warning
2022-05-20 15:17:07.529  WARN 25509 --- [restartedMain] o.s.b.d.a.OptionalLiveReloadServer       : Unable to start LiveReload server
2022-05-20 15:17:07.537  INFO 25509 --- [restartedMain] o.s.b.a.e.web.EndpointLinksResolver      : Exposing 14 endpoint(s) beneath base path '/actuator'
2022-05-20 15:17:07.582  INFO 25509 --- [restartedMain] o.s.b.w.embedded.tomcat.TomcatWebServer  : Tomcat started on port(s): 8080 (http) with context path ''
2022-05-20 15:17:07.598  INFO 25509 --- [restartedMain] b.com.seap.livraria.LivrariaApplication  : Started LivrariaApplication in 3.95 seconds (JVM running for 4.424)
2022-05-20 15:17:07.729  WARN 25509 --- [registrationTask1] d.c.b.a.c.r.ApplicationRegistrator       : Failed to register application as Application(name=spring-boot-application, managementUrl=http://ygorsds:8080/actuator, healthUrl=http://ygorsds:8080/actuator/health, serviceUrl=http://ygorsds:8080/) at spring-boot-admin ([http://localhost:8081//instances]): 401 : [no body]. Further attempts are logged on DEBUG level
2022-05-20 15:19:48.528  INFO 25509 --- [SpringApplicationShutdownHook] j.LocalContainerEntityManagerFactoryBean : Closing JPA EntityManagerFactory for persistence unit 'default'
2022-05-20 15:19:48.529  INFO 25509 --- [SpringApplicationShutdownHook] .SchemaDropperImpl$DelayedDropActionImpl : HHH000477: Starting delayed evictData of schema as part of SessionFactory shut-down'
2022-05-20 15:19:48.749  WARN 25509 --- [SpringApplicationShutdownHook] o.s.b.f.support.DisposableBeanAdapter    : Invocation of destroy method failed on bean with name 'inMemoryDatabaseShutdownExecutor': org.h2.jdbc.JdbcSQLNonTransientConnectionException: Database is already closed (to disable automatic closing at VM shutdown, add ";DB_CLOSE_ON_EXIT=FALSE" to the db URL) [90121-200]
2022-05-20 15:19:48.751  INFO 25509 --- [SpringApplicationShutdownHook] com.zaxxer.hikari.HikariDataSource       : HikariPool-1 - Shutdown initiated...
2022-05-20 15:19:48.756  INFO 25509 --- [SpringApplicationShutdownHook] com.zaxxer.hikari.HikariDataSource       : HikariPool-1 - Shutdown completed.
2022-05-20 15:19:51.610  INFO 25822 --- [restartedMain] b.com.seap.livraria.LivrariaApplication  : Starting LivrariaApplication using Java 17.0.3 on ygorsds with PID 25822 (/home/ygorsds/dev/projects/livraria/build/classes/java/main started by ygorsds in /home/ygorsds/dev/projects/livraria)
2022-05-20 15:19:51.611  INFO 25822 --- [restartedMain] b.com.seap.livraria.LivrariaApplication  : No active profile set, falling back to 1 default profile: "default"
2022-05-20 15:19:51.651  INFO 25822 --- [restartedMain] .e.DevToolsPropertyDefaultsPostProcessor : Devtools property defaults active! Set 'spring.devtools.add-properties' to 'false' to disable
2022-05-20 15:19:51.651  INFO 25822 --- [restartedMain] .e.DevToolsPropertyDefaultsPostProcessor : For additional web related logging consider setting the 'logging.level.web' property to 'DEBUG'
2022-05-20 15:19:52.321  INFO 25822 --- [restartedMain] .s.d.r.c.RepositoryConfigurationDelegate : Bootstrapping Spring Data JPA repositories in DEFAULT mode.
2022-05-20 15:19:52.355  INFO 25822 --- [restartedMain] .s.d.r.c.RepositoryConfigurationDelegate : Finished Spring Data repository scanning in 26 ms. Found 1 JPA repository interfaces.
2022-05-20 15:19:52.791  INFO 25822 --- [restartedMain] o.s.b.w.embedded.tomcat.TomcatWebServer  : Tomcat initialized with port(s): 8080 (http)
2022-05-20 15:19:52.800  INFO 25822 --- [restartedMain] o.apache.catalina.core.StandardService   : Starting service [Tomcat]
2022-05-20 15:19:52.801  INFO 25822 --- [restartedMain] org.apache.catalina.core.StandardEngine  : Starting Servlet engine: [Apache Tomcat/9.0.62]
2022-05-20 15:19:52.843  INFO 25822 --- [restartedMain] o.a.c.c.C.[Tomcat].[localhost].[/]       : Initializing Spring embedded WebApplicationContext
2022-05-20 15:19:52.843  INFO 25822 --- [restartedMain] w.s.c.ServletWebServerApplicationContext : Root WebApplicationContext: initialization completed in 1192 ms
2022-05-20 15:19:52.935  INFO 25822 --- [restartedMain] com.zaxxer.hikari.HikariDataSource       : HikariPool-1 - Starting...
2022-05-20 15:19:53.048  INFO 25822 --- [restartedMain] com.zaxxer.hikari.HikariDataSource       : HikariPool-1 - Start completed.
2022-05-20 15:19:53.055  INFO 25822 --- [restartedMain] o.s.b.a.h2.H2ConsoleAutoConfiguration    : H2 console available at '/h2-console'. Database available at 'jdbc:h2:mem:9c782e60-05c9-453b-b5ae-b00d1c8fd77e'
2022-05-20 15:19:53.203  INFO 25822 --- [restartedMain] o.hibernate.jpa.internal.util.LogHelper  : HHH000204: Processing PersistenceUnitInfo [name: default]
2022-05-20 15:19:53.260  INFO 25822 --- [restartedMain] org.hibernate.Version                    : HHH000412: Hibernate ORM core version 5.6.8.Final
2022-05-20 15:19:53.398  INFO 25822 --- [restartedMain] o.hibernate.annotations.common.Version   : HCANN000001: Hibernate Commons Annotations {5.1.2.Final}
2022-05-20 15:19:53.497  INFO 25822 --- [restartedMain] org.hibernate.dialect.Dialect            : HHH000400: Using dialect: org.hibernate.dialect.H2Dialect
2022-05-20 15:19:53.843  INFO 25822 --- [restartedMain] o.h.e.t.j.p.i.JtaPlatformInitiator       : HHH000490: Using JtaPlatform implementation: [org.hibernate.engine.transaction.jta.platform.internal.NoJtaPlatform]
2022-05-20 15:19:53.847  INFO 25822 --- [restartedMain] j.LocalContainerEntityManagerFactoryBean : Initialized JPA EntityManagerFactory for persistence unit 'default'
2022-05-20 15:19:54.110  WARN 25822 --- [restartedMain] JpaBaseConfiguration$JpaWebConfiguration : spring.jpa.open-in-view is enabled by default. Therefore, database queries may be performed during view rendering. Explicitly configure spring.jpa.open-in-view to disable this warning
2022-05-20 15:19:54.624  WARN 25822 --- [restartedMain] o.s.b.d.a.OptionalLiveReloadServer       : Unable to start LiveReload server
2022-05-20 15:19:54.628  INFO 25822 --- [restartedMain] o.s.b.a.e.web.EndpointLinksResolver      : Exposing 14 endpoint(s) beneath base path '/actuator'
2022-05-20 15:19:54.665  INFO 25822 --- [restartedMain] o.s.b.w.embedded.tomcat.TomcatWebServer  : Tomcat started on port(s): 8080 (http) with context path ''
2022-05-20 15:19:54.683  INFO 25822 --- [restartedMain] b.com.seap.livraria.LivrariaApplication  : Started LivrariaApplication in 3.342 seconds (JVM running for 3.732)
2022-05-20 15:19:55.178  INFO 25822 --- [registrationTask1] d.c.b.a.c.r.ApplicationRegistrator       : Application registered itself as e8af077d4c96
2022-05-20 15:19:55.340  INFO 25822 --- [http-nio-8080-exec-1] o.a.c.c.C.[Tomcat].[localhost].[/]       : Initializing Spring DispatcherServlet 'dispatcherServlet'
2022-05-20 15:19:55.340  INFO 25822 --- [http-nio-8080-exec-1] o.s.web.servlet.DispatcherServlet        : Initializing Servlet 'dispatcherServlet'
2022-05-20 15:19:55.341  INFO 25822 --- [http-nio-8080-exec-1] o.s.web.servlet.DispatcherServlet        : Completed initialization in 1 ms
2022-05-20 15:20:29.529  INFO 25822 --- [SpringApplicationShutdownHook] j.LocalContainerEntityManagerFactoryBean : Closing JPA EntityManagerFactory for persistence unit 'default'
2022-05-20 15:20:29.530  INFO 25822 --- [SpringApplicationShutdownHook] .SchemaDropperImpl$DelayedDropActionImpl : HHH000477: Starting delayed evictData of schema as part of SessionFactory shut-down'
2022-05-20 15:20:29.779  WARN 25822 --- [SpringApplicationShutdownHook] o.s.b.f.support.DisposableBeanAdapter    : Invocation of destroy method failed on bean with name 'inMemoryDatabaseShutdownExecutor': org.h2.jdbc.JdbcSQLNonTransientConnectionException: Database is already closed (to disable automatic closing at VM shutdown, add ";DB_CLOSE_ON_EXIT=FALSE" to the db URL) [90121-200]
2022-05-20 15:20:29.780  INFO 25822 --- [SpringApplicationShutdownHook] com.zaxxer.hikari.HikariDataSource       : HikariPool-1 - Shutdown initiated...
2022-05-20 15:20:29.819  INFO 25822 --- [SpringApplicationShutdownHook] com.zaxxer.hikari.HikariDataSource       : HikariPool-1 - Shutdown completed.
2022-05-20 15:20:34.146  INFO 26050 --- [restartedMain] b.com.seap.livraria.LivrariaApplication  : Starting LivrariaApplication using Java 17.0.3 on ygorsds with PID 26050 (/home/ygorsds/dev/projects/livraria/build/classes/java/main started by ygorsds in /home/ygorsds/dev/projects/livraria)
2022-05-20 15:20:34.148  INFO 26050 --- [restartedMain] b.com.seap.livraria.LivrariaApplication  : No active profile set, falling back to 1 default profile: "default"
2022-05-20 15:20:34.216  INFO 26050 --- [restartedMain] .e.DevToolsPropertyDefaultsPostProcessor : Devtools property defaults active! Set 'spring.devtools.add-properties' to 'false' to disable
2022-05-20 15:20:34.216  INFO 26050 --- [restartedMain] .e.DevToolsPropertyDefaultsPostProcessor : For additional web related logging consider setting the 'logging.level.web' property to 'DEBUG'
2022-05-20 15:20:35.095  INFO 26050 --- [restartedMain] .s.d.r.c.RepositoryConfigurationDelegate : Bootstrapping Spring Data JPA repositories in DEFAULT mode.
2022-05-20 15:20:35.180  INFO 26050 --- [restartedMain] .s.d.r.c.RepositoryConfigurationDelegate : Finished Spring Data repository scanning in 45 ms. Found 1 JPA repository interfaces.
2022-05-20 15:20:35.767  INFO 26050 --- [restartedMain] o.s.b.w.embedded.tomcat.TomcatWebServer  : Tomcat initialized with port(s): 8080 (http)
2022-05-20 15:20:35.777  INFO 26050 --- [restartedMain] o.apache.catalina.core.StandardService   : Starting service [Tomcat]
2022-05-20 15:20:35.777  INFO 26050 --- [restartedMain] org.apache.catalina.core.StandardEngine  : Starting Servlet engine: [Apache Tomcat/9.0.62]
2022-05-20 15:20:35.856  INFO 26050 --- [restartedMain] o.a.c.c.C.[Tomcat].[localhost].[/]       : Initializing Spring embedded WebApplicationContext
2022-05-20 15:20:35.856  INFO 26050 --- [restartedMain] w.s.c.ServletWebServerApplicationContext : Root WebApplicationContext: initialization completed in 1640 ms
2022-05-20 15:20:35.964  INFO 26050 --- [restartedMain] com.zaxxer.hikari.HikariDataSource       : HikariPool-1 - Starting...
2022-05-20 15:20:36.128  INFO 26050 --- [restartedMain] com.zaxxer.hikari.HikariDataSource       : HikariPool-1 - Start completed.
2022-05-20 15:20:36.136  INFO 26050 --- [restartedMain] o.s.b.a.h2.H2ConsoleAutoConfiguration    : H2 console available at '/h2-console'. Database available at 'jdbc:h2:mem:e6978cdf-470e-4919-bb62-47b70acbd0e9'
2022-05-20 15:20:36.307  INFO 26050 --- [restartedMain] o.hibernate.jpa.internal.util.LogHelper  : HHH000204: Processing PersistenceUnitInfo [name: default]
2022-05-20 15:20:36.396  INFO 26050 --- [restartedMain] org.hibernate.Version                    : HHH000412: Hibernate ORM core version 5.6.8.Final
2022-05-20 15:20:36.592  INFO 26050 --- [restartedMain] o.hibernate.annotations.common.Version   : HCANN000001: Hibernate Commons Annotations {5.1.2.Final}
2022-05-20 15:20:36.727  INFO 26050 --- [restartedMain] org.hibernate.dialect.Dialect            : HHH000400: Using dialect: org.hibernate.dialect.H2Dialect
2022-05-20 15:20:37.116  INFO 26050 --- [restartedMain] o.h.e.t.j.p.i.JtaPlatformInitiator       : HHH000490: Using JtaPlatform implementation: [org.hibernate.engine.transaction.jta.platform.internal.NoJtaPlatform]
2022-05-20 15:20:37.121  INFO 26050 --- [restartedMain] j.LocalContainerEntityManagerFactoryBean : Initialized JPA EntityManagerFactory for persistence unit 'default'
2022-05-20 15:20:37.481  WARN 26050 --- [restartedMain] JpaBaseConfiguration$JpaWebConfiguration : spring.jpa.open-in-view is enabled by default. Therefore, database queries may be performed during view rendering. Explicitly configure spring.jpa.open-in-view to disable this warning
2022-05-20 15:20:38.065  WARN 26050 --- [restartedMain] o.s.b.d.a.OptionalLiveReloadServer       : Unable to start LiveReload server
2022-05-20 15:20:38.069  INFO 26050 --- [restartedMain] o.s.b.a.e.web.EndpointLinksResolver      : Exposing 14 endpoint(s) beneath base path '/actuator'
2022-05-20 15:20:38.142  INFO 26050 --- [restartedMain] o.s.b.w.embedded.tomcat.TomcatWebServer  : Tomcat started on port(s): 8080 (http) with context path ''
2022-05-20 15:20:38.160  INFO 26050 --- [restartedMain] b.com.seap.livraria.LivrariaApplication  : Started LivrariaApplication in 4.388 seconds (JVM running for 5.054)
2022-05-20 15:20:38.474  INFO 26050 --- [registrationTask1] d.c.b.a.c.r.ApplicationRegistrator       : Application registered itself as e8af077d4c96
2022-05-20 15:20:38.551  INFO 26050 --- [http-nio-8080-exec-1] o.a.c.c.C.[Tomcat].[localhost].[/]       : Initializing Spring DispatcherServlet 'dispatcherServlet'
2022-05-20 15:20:38.551  INFO 26050 --- [http-nio-8080-exec-1] o.s.web.servlet.DispatcherServlet        : Initializing Servlet 'dispatcherServlet'
2022-05-20 15:20:38.553  INFO 26050 --- [http-nio-8080-exec-1] o.s.web.servlet.DispatcherServlet        : Completed initialization in 2 ms
2022-05-20 15:20:49.282  WARN 26050 --- [http-nio-8080-exec-4] o.s.web.servlet.PageNotFound             : No mapping for GET /
2022-05-20 15:21:08.213  WARN 26050 --- [registrationTask1] d.c.b.a.c.r.ApplicationRegistrator       : Failed to register application as Application(name=spring-boot-application, managementUrl=http://ygorsds:8080/actuator, healthUrl=http://ygorsds:8080/actuator/health, serviceUrl=http://ygorsds:8080/) at spring-boot-admin ([http://localhost:8081//instances]): I/O error on POST request for "http://localhost:8081/instances": Conexão recusada; nested exception is java.net.ConnectException: Conexão recusada. Further attempts are logged on DEBUG level
2022-05-20 15:21:27.367  WARN 26050 --- [http-nio-8080-exec-3] o.s.web.servlet.PageNotFound             : No mapping for GET /
2022-05-20 15:21:57.668  WARN 26050 --- [http-nio-8080-exec-6] o.s.web.servlet.PageNotFound             : No mapping for GET /
2022-05-20 15:25:17.937  INFO 26050 --- [http-nio-8080-exec-10] o.springdoc.api.AbstractOpenApiResource  : Init duration for springdoc-openapi is: 237 ms
2022-05-20 15:26:58.309  INFO 26050 --- [SpringApplicationShutdownHook] j.LocalContainerEntityManagerFactoryBean : Closing JPA EntityManagerFactory for persistence unit 'default'
2022-05-20 15:26:58.311  INFO 26050 --- [SpringApplicationShutdownHook] .SchemaDropperImpl$DelayedDropActionImpl : HHH000477: Starting delayed evictData of schema as part of SessionFactory shut-down'
2022-05-20 15:26:58.536  WARN 26050 --- [SpringApplicationShutdownHook] o.s.b.f.support.DisposableBeanAdapter    : Invocation of destroy method failed on bean with name 'inMemoryDatabaseShutdownExecutor': org.h2.jdbc.JdbcSQLNonTransientConnectionException: Database is already closed (to disable automatic closing at VM shutdown, add ";DB_CLOSE_ON_EXIT=FALSE" to the db URL) [90121-200]
2022-05-20 15:26:58.538  INFO 26050 --- [SpringApplicationShutdownHook] com.zaxxer.hikari.HikariDataSource       : HikariPool-1 - Shutdown initiated...
2022-05-20 15:26:58.542  INFO 26050 --- [SpringApplicationShutdownHook] com.zaxxer.hikari.HikariDataSource       : HikariPool-1 - Shutdown completed.
2022-05-20 15:27:02.260  INFO 26800 --- [restartedMain] b.com.seap.livraria.LivrariaApplication  : Starting LivrariaApplication using Java 17.0.3 on ygorsds with PID 26800 (/home/ygorsds/dev/projects/livraria/build/classes/java/main started by ygorsds in /home/ygorsds/dev/projects/livraria)
2022-05-20 15:27:02.261  INFO 26800 --- [restartedMain] b.com.seap.livraria.LivrariaApplication  : No active profile set, falling back to 1 default profile: "default"
2022-05-20 15:27:02.304  INFO 26800 --- [restartedMain] .e.DevToolsPropertyDefaultsPostProcessor : Devtools property defaults active! Set 'spring.devtools.add-properties' to 'false' to disable
2022-05-20 15:27:02.304  INFO 26800 --- [restartedMain] .e.DevToolsPropertyDefaultsPostProcessor : For additional web related logging consider setting the 'logging.level.web' property to 'DEBUG'
2022-05-20 15:27:02.996  INFO 26800 --- [restartedMain] .s.d.r.c.RepositoryConfigurationDelegate : Bootstrapping Spring Data JPA repositories in DEFAULT mode.
2022-05-20 15:27:03.035  INFO 26800 --- [restartedMain] .s.d.r.c.RepositoryConfigurationDelegate : Finished Spring Data repository scanning in 31 ms. Found 1 JPA repository interfaces.
2022-05-20 15:27:03.508  INFO 26800 --- [restartedMain] o.s.b.w.embedded.tomcat.TomcatWebServer  : Tomcat initialized with port(s): 8080 (http)
2022-05-20 15:27:03.518  INFO 26800 --- [restartedMain] o.apache.catalina.core.StandardService   : Starting service [Tomcat]
2022-05-20 15:27:03.518  INFO 26800 --- [restartedMain] org.apache.catalina.core.StandardEngine  : Starting Servlet engine: [Apache Tomcat/9.0.62]
2022-05-20 15:27:03.561  INFO 26800 --- [restartedMain] o.a.c.c.C.[Tomcat].[localhost].[/]       : Initializing Spring embedded WebApplicationContext
2022-05-20 15:27:03.561  INFO 26800 --- [restartedMain] w.s.c.ServletWebServerApplicationContext : Root WebApplicationContext: initialization completed in 1256 ms
2022-05-20 15:27:03.658  INFO 26800 --- [restartedMain] com.zaxxer.hikari.HikariDataSource       : HikariPool-1 - Starting...
2022-05-20 15:27:03.784  INFO 26800 --- [restartedMain] com.zaxxer.hikari.HikariDataSource       : HikariPool-1 - Start completed.
2022-05-20 15:27:03.793  INFO 26800 --- [restartedMain] o.s.b.a.h2.H2ConsoleAutoConfiguration    : H2 console available at '/h2-console'. Database available at 'jdbc:h2:mem:cf10132d-24ad-447f-8c9f-b49bb9c72b82'
2022-05-20 15:27:03.933  INFO 26800 --- [restartedMain] o.hibernate.jpa.internal.util.LogHelper  : HHH000204: Processing PersistenceUnitInfo [name: default]
2022-05-20 15:27:03.986  INFO 26800 --- [restartedMain] org.hibernate.Version                    : HHH000412: Hibernate ORM core version 5.6.8.Final
2022-05-20 15:27:04.137  INFO 26800 --- [restartedMain] o.hibernate.annotations.common.Version   : HCANN000001: Hibernate Commons Annotations {5.1.2.Final}
2022-05-20 15:27:04.233  INFO 26800 --- [restartedMain] org.hibernate.dialect.Dialect            : HHH000400: Using dialect: org.hibernate.dialect.H2Dialect
2022-05-20 15:27:04.595  INFO 26800 --- [restartedMain] o.h.e.t.j.p.i.JtaPlatformInitiator       : HHH000490: Using JtaPlatform implementation: [org.hibernate.engine.transaction.jta.platform.internal.NoJtaPlatform]
2022-05-20 15:27:04.600  INFO 26800 --- [restartedMain] j.LocalContainerEntityManagerFactoryBean : Initialized JPA EntityManagerFactory for persistence unit 'default'
2022-05-20 15:27:04.890  WARN 26800 --- [restartedMain] JpaBaseConfiguration$JpaWebConfiguration : spring.jpa.open-in-view is enabled by default. Therefore, database queries may be performed during view rendering. Explicitly configure spring.jpa.open-in-view to disable this warning
2022-05-20 15:27:05.440  WARN 26800 --- [restartedMain] o.s.b.d.a.OptionalLiveReloadServer       : Unable to start LiveReload server
2022-05-20 15:27:05.444  INFO 26800 --- [restartedMain] o.s.b.a.e.web.EndpointLinksResolver      : Exposing 14 endpoint(s) beneath base path '/actuator'
2022-05-20 15:27:05.482  INFO 26800 --- [restartedMain] o.s.b.w.embedded.tomcat.TomcatWebServer  : Tomcat started on port(s): 8080 (http) with context path ''
2022-05-20 15:27:05.499  INFO 26800 --- [restartedMain] b.com.seap.livraria.LivrariaApplication  : Started LivrariaApplication in 3.506 seconds (JVM running for 3.998)
2022-05-20 15:27:05.710  INFO 26800 --- [registrationTask1] d.c.b.a.c.r.ApplicationRegistrator       : Application registered itself as e8af077d4c96
2022-05-20 15:27:05.735  INFO 26800 --- [http-nio-8080-exec-1] o.a.c.c.C.[Tomcat].[localhost].[/]       : Initializing Spring DispatcherServlet 'dispatcherServlet'
2022-05-20 15:27:05.735  INFO 26800 --- [http-nio-8080-exec-1] o.s.web.servlet.DispatcherServlet        : Initializing Servlet 'dispatcherServlet'
2022-05-20 15:27:05.737  INFO 26800 --- [http-nio-8080-exec-1] o.s.web.servlet.DispatcherServlet        : Completed initialization in 2 ms
2022-05-20 15:28:45.548  WARN 26800 --- [registrationTask1] d.c.b.a.c.r.ApplicationRegistrator       : Failed to register application as Application(name=spring-boot-application, managementUrl=http://ygorsds:8080/actuator, healthUrl=http://ygorsds:8080/actuator/health, serviceUrl=http://ygorsds:8080/) at spring-boot-admin ([http://localhost:8081//instances]): I/O error on POST request for "http://localhost:8081/instances": Unexpected end of file from server; nested exception is java.net.SocketException: Unexpected end of file from server. Further attempts are logged on DEBUG level
2022-05-20 15:28:46.632  INFO 26800 --- [SpringApplicationShutdownHook] j.LocalContainerEntityManagerFactoryBean : Closing JPA EntityManagerFactory for persistence unit 'default'
2022-05-20 15:28:46.632  INFO 26800 --- [SpringApplicationShutdownHook] .SchemaDropperImpl$DelayedDropActionImpl : HHH000477: Starting delayed evictData of schema as part of SessionFactory shut-down'
2022-05-20 15:28:46.874  WARN 26800 --- [SpringApplicationShutdownHook] o.s.b.f.support.DisposableBeanAdapter    : Invocation of destroy method failed on bean with name 'inMemoryDatabaseShutdownExecutor': org.h2.jdbc.JdbcSQLNonTransientConnectionException: Database is already closed (to disable automatic closing at VM shutdown, add ";DB_CLOSE_ON_EXIT=FALSE" to the db URL) [90121-200]
2022-05-20 15:28:46.876  INFO 26800 --- [SpringApplicationShutdownHook] com.zaxxer.hikari.HikariDataSource       : HikariPool-1 - Shutdown initiated...
2022-05-20 15:28:46.880  INFO 26800 --- [SpringApplicationShutdownHook] com.zaxxer.hikari.HikariDataSource       : HikariPool-1 - Shutdown completed.
2022-05-20 16:09:45.967  INFO 29395 --- [Test worker] b.c.s.livraria.LivrariaApplicationTests  : Starting LivrariaApplicationTests using Java 17.0.3 on ygorsds with PID 29395 (started by ygorsds in /home/ygorsds/dev/projects/livraria)
2022-05-20 16:09:45.970  INFO 29395 --- [Test worker] b.c.s.livraria.LivrariaApplicationTests  : No active profile set, falling back to 1 default profile: "default"
2022-05-20 16:09:47.633  INFO 29395 --- [Test worker] .s.d.r.c.RepositoryConfigurationDelegate : Bootstrapping Spring Data JPA repositories in DEFAULT mode.
2022-05-20 16:09:47.728  INFO 29395 --- [Test worker] .s.d.r.c.RepositoryConfigurationDelegate : Finished Spring Data repository scanning in 76 ms. Found 1 JPA repository interfaces.
2022-05-20 16:09:48.614  INFO 29395 --- [Test worker] com.zaxxer.hikari.HikariDataSource       : HikariPool-1 - Starting...
2022-05-20 16:09:49.366  INFO 29395 --- [Test worker] com.zaxxer.hikari.HikariDataSource       : HikariPool-1 - Start completed.
2022-05-20 16:09:49.521  INFO 29395 --- [Test worker] o.hibernate.jpa.internal.util.LogHelper  : HHH000204: Processing PersistenceUnitInfo [name: default]
2022-05-20 16:09:49.678  INFO 29395 --- [Test worker] org.hibernate.Version                    : HHH000412: Hibernate ORM core version 5.6.8.Final
2022-05-20 16:09:50.048  INFO 29395 --- [Test worker] o.hibernate.annotations.common.Version   : HCANN000001: Hibernate Commons Annotations {5.1.2.Final}
2022-05-20 16:09:50.364  INFO 29395 --- [Test worker] org.hibernate.dialect.Dialect            : HHH000400: Using dialect: org.hibernate.dialect.H2Dialect
2022-05-20 16:09:51.747  INFO 29395 --- [Test worker] o.h.e.t.j.p.i.JtaPlatformInitiator       : HHH000490: Using JtaPlatform implementation: [org.hibernate.engine.transaction.jta.platform.internal.NoJtaPlatform]
2022-05-20 16:09:51.763  INFO 29395 --- [Test worker] j.LocalContainerEntityManagerFactoryBean : Initialized JPA EntityManagerFactory for persistence unit 'default'
2022-05-20 16:09:52.695  WARN 29395 --- [Test worker] JpaBaseConfiguration$JpaWebConfiguration : spring.jpa.open-in-view is enabled by default. Therefore, database queries may be performed during view rendering. Explicitly configure spring.jpa.open-in-view to disable this warning
2022-05-20 16:09:55.344  INFO 29395 --- [Test worker] o.s.b.a.e.web.EndpointLinksResolver      : Exposing 14 endpoint(s) beneath base path '/actuator'
2022-05-20 16:09:55.428  INFO 29395 --- [Test worker] b.c.s.livraria.LivrariaApplicationTests  : Started LivrariaApplicationTests in 10.099 seconds (JVM running for 12.776)
2022-05-20 16:09:55.498 ERROR 29395 --- [registrationTask1] o.s.s.s.TaskUtils$LoggingErrorHandler    : Unexpected error occurred in scheduled task

java.lang.IllegalStateException: couldn't determine local port. Please set spring.boot.admin.client.instance.service-base-url.
	at de.codecentric.boot.admin.client.registration.DefaultApplicationFactory.getLocalServerPort(DefaultApplicationFactory.java:192) ~[spring-boot-admin-client-2.6.7.jar:2.6.7]
	at de.codecentric.boot.admin.client.registration.DefaultApplicationFactory.getServiceBaseUrl(DefaultApplicationFactory.java:104) ~[spring-boot-admin-client-2.6.7.jar:2.6.7]
	at de.codecentric.boot.admin.client.registration.ServletApplicationFactory.getServiceUrl(ServletApplicationFactory.java:63) ~[spring-boot-admin-client-2.6.7.jar:2.6.7]
	at de.codecentric.boot.admin.client.registration.ServletApplicationFactory.getManagementBaseUrl(ServletApplicationFactory.java:76) ~[spring-boot-admin-client-2.6.7.jar:2.6.7]
	at de.codecentric.boot.admin.client.registration.DefaultApplicationFactory.getHealthUrl(DefaultApplicationFactory.java:154) ~[spring-boot-admin-client-2.6.7.jar:2.6.7]
	at de.codecentric.boot.admin.client.registration.DefaultApplicationFactory.createApplication(DefaultApplicationFactory.java:80) ~[spring-boot-admin-client-2.6.7.jar:2.6.7]
	at de.codecentric.boot.admin.client.registration.DefaultApplicationRegistrator.register(DefaultApplicationRegistrator.java:56) ~[spring-boot-admin-client-2.6.7.jar:2.6.7]
	at org.springframework.scheduling.support.DelegatingErrorHandlingRunnable.run(DelegatingErrorHandlingRunnable.java:54) ~[spring-context-5.3.19.jar:5.3.19]
	at java.base/java.util.concurrent.Executors$RunnableAdapter.call(Executors.java:539) ~[na:na]
	at java.base/java.util.concurrent.FutureTask.runAndReset(FutureTask.java:305) ~[na:na]
	at java.base/java.util.concurrent.ScheduledThreadPoolExecutor$ScheduledFutureTask.run(ScheduledThreadPoolExecutor.java:305) ~[na:na]
	at java.base/java.util.concurrent.ThreadPoolExecutor.runWorker(ThreadPoolExecutor.java:1136) ~[na:na]
	at java.base/java.util.concurrent.ThreadPoolExecutor$Worker.run(ThreadPoolExecutor.java:635) ~[na:na]
	at java.base/java.lang.Thread.run(Thread.java:833) ~[na:na]

2022-05-20 16:09:55.845  INFO 29395 --- [Test worker] .b.t.a.w.s.WebMvcTestContextBootstrapper : Neither @ContextConfiguration nor @ContextHierarchy found for test class [br.com.seap.livraria.controllers.EmprestimoControllerTest], using SpringBootContextLoader
2022-05-20 16:09:55.846  INFO 29395 --- [Test worker] o.s.t.c.support.AbstractContextLoader    : Could not detect default resource locations for test class [br.com.seap.livraria.controllers.EmprestimoControllerTest]: no resource found for suffixes {-context.xml, Context.groovy}.
2022-05-20 16:09:55.847  INFO 29395 --- [Test worker] t.c.s.AnnotationConfigContextLoaderUtils : Could not detect default configuration classes for test class [br.com.seap.livraria.controllers.EmprestimoControllerTest]: EmprestimoControllerTest does not declare any static, non-private, non-final, nested classes annotated with @Configuration.
2022-05-20 16:09:55.873  INFO 29395 --- [Test worker] .b.t.c.SpringBootTestContextBootstrapper : Found @SpringBootConfiguration br.com.seap.livraria.LivrariaApplication for test class br.com.seap.livraria.controllers.EmprestimoControllerTest
2022-05-20 16:09:55.874  INFO 29395 --- [Test worker] .b.t.a.w.s.WebMvcTestContextBootstrapper : Loaded default TestExecutionListener class names from location [META-INF/spring.factories]: [org.springframework.boot.test.autoconfigure.restdocs.RestDocsTestExecutionListener, org.springframework.boot.test.autoconfigure.web.client.MockRestServiceServerResetTestExecutionListener, org.springframework.boot.test.autoconfigure.web.servlet.MockMvcPrintOnlyOnFailureTestExecutionListener, org.springframework.boot.test.autoconfigure.web.servlet.WebDriverTestExecutionListener, org.springframework.boot.test.autoconfigure.webservices.client.MockWebServiceServerTestExecutionListener, org.springframework.boot.test.mock.mockito.MockitoTestExecutionListener, org.springframework.boot.test.mock.mockito.ResetMocksTestExecutionListener, org.springframework.test.context.web.ServletTestExecutionListener, org.springframework.test.context.support.DirtiesContextBeforeModesTestExecutionListener, org.springframework.test.context.event.ApplicationEventsTestExecutionListener, org.springframework.test.context.support.DependencyInjectionTestExecutionListener, org.springframework.test.context.support.DirtiesContextTestExecutionListener, org.springframework.test.context.transaction.TransactionalTestExecutionListener, org.springframework.test.context.jdbc.SqlScriptsTestExecutionListener, org.springframework.test.context.event.EventPublishingTestExecutionListener]
2022-05-20 16:09:55.875  INFO 29395 --- [Test worker] .b.t.a.w.s.WebMvcTestContextBootstrapper : Using TestExecutionListeners: [org.springframework.test.context.web.ServletTestExecutionListener@6706552a, org.springframework.test.context.support.DirtiesContextBeforeModesTestExecutionListener@7e8ff0dc, org.springframework.test.context.event.ApplicationEventsTestExecutionListener@8b3c5a0, org.springframework.boot.test.mock.mockito.MockitoTestExecutionListener@10e94abd, org.springframework.boot.test.autoconfigure.SpringBootDependencyInjectionTestExecutionListener@4513f28f, org.springframework.test.context.support.DirtiesContextTestExecutionListener@441bf3e1, org.springframework.test.context.transaction.TransactionalTestExecutionListener@5293b007, org.springframework.test.context.jdbc.SqlScriptsTestExecutionListener@8f5b44a, org.springframework.test.context.event.EventPublishingTestExecutionListener@5228b851, org.springframework.boot.test.autoconfigure.restdocs.RestDocsTestExecutionListener@49b7cd0e, org.springframework.boot.test.autoconfigure.web.client.MockRestServiceServerResetTestExecutionListener@6eb5fb7, org.springframework.boot.test.autoconfigure.web.servlet.MockMvcPrintOnlyOnFailureTestExecutionListener@2319ecc4, org.springframework.boot.test.autoconfigure.web.servlet.WebDriverTestExecutionListener@34e422c6, org.springframework.boot.test.autoconfigure.webservices.client.MockWebServiceServerTestExecutionListener@43cc56e9, org.springframework.boot.test.mock.mockito.ResetMocksTestExecutionListener@1f86afc0]
2022-05-20 16:09:55.912  INFO 29395 --- [Test worker] b.c.s.l.c.EmprestimoControllerTest       : Starting EmprestimoControllerTest using Java 17.0.3 on ygorsds with PID 29395 (started by ygorsds in /home/ygorsds/dev/projects/livraria)
2022-05-20 16:09:55.912  INFO 29395 --- [Test worker] b.c.s.l.c.EmprestimoControllerTest       : The following 1 profile is active: "test"
2022-05-20 16:09:56.880  INFO 29395 --- [Test worker] o.s.b.t.m.w.SpringBootMockServletContext : Initializing Spring TestDispatcherServlet ''
2022-05-20 16:09:56.880  INFO 29395 --- [Test worker] o.s.t.web.servlet.TestDispatcherServlet  : Initializing Servlet ''
2022-05-20 16:09:56.881  INFO 29395 --- [Test worker] o.s.t.web.servlet.TestDispatcherServlet  : Completed initialization in 1 ms
2022-05-20 16:09:56.895  INFO 29395 --- [Test worker] b.c.s.l.c.EmprestimoControllerTest       : Started EmprestimoControllerTest in 1.017 seconds (JVM running for 14.244)
2022-05-20 16:09:56.983  INFO 29395 --- [Test worker] .b.t.a.w.s.WebMvcTestContextBootstrapper : Neither @ContextConfiguration nor @ContextHierarchy found for test class [br.com.seap.livraria.controllers.LivroControllerTest], using SpringBootContextLoader
2022-05-20 16:09:56.984  INFO 29395 --- [Test worker] o.s.t.c.support.AbstractContextLoader    : Could not detect default resource locations for test class [br.com.seap.livraria.controllers.LivroControllerTest]: no resource found for suffixes {-context.xml, Context.groovy}.
2022-05-20 16:09:56.985  INFO 29395 --- [Test worker] t.c.s.AnnotationConfigContextLoaderUtils : Could not detect default configuration classes for test class [br.com.seap.livraria.controllers.LivroControllerTest]: LivroControllerTest does not declare any static, non-private, non-final, nested classes annotated with @Configuration.
2022-05-20 16:09:56.988  INFO 29395 --- [Test worker] .b.t.c.SpringBootTestContextBootstrapper : Found @SpringBootConfiguration br.com.seap.livraria.LivrariaApplication for test class br.com.seap.livraria.controllers.LivroControllerTest
2022-05-20 16:09:56.990  INFO 29395 --- [Test worker] .b.t.a.w.s.WebMvcTestContextBootstrapper : Loaded default TestExecutionListener class names from location [META-INF/spring.factories]: [org.springframework.boot.test.autoconfigure.restdocs.RestDocsTestExecutionListener, org.springframework.boot.test.autoconfigure.web.client.MockRestServiceServerResetTestExecutionListener, org.springframework.boot.test.autoconfigure.web.servlet.MockMvcPrintOnlyOnFailureTestExecutionListener, org.springframework.boot.test.autoconfigure.web.servlet.WebDriverTestExecutionListener, org.springframework.boot.test.autoconfigure.webservices.client.MockWebServiceServerTestExecutionListener, org.springframework.boot.test.mock.mockito.MockitoTestExecutionListener, org.springframework.boot.test.mock.mockito.ResetMocksTestExecutionListener, org.springframework.test.context.web.ServletTestExecutionListener, org.springframework.test.context.support.DirtiesContextBeforeModesTestExecutionListener, org.springframework.test.context.event.ApplicationEventsTestExecutionListener, org.springframework.test.context.support.DependencyInjectionTestExecutionListener, org.springframework.test.context.support.DirtiesContextTestExecutionListener, org.springframework.test.context.transaction.TransactionalTestExecutionListener, org.springframework.test.context.jdbc.SqlScriptsTestExecutionListener, org.springframework.test.context.event.EventPublishingTestExecutionListener]
2022-05-20 16:09:56.991  INFO 29395 --- [Test worker] .b.t.a.w.s.WebMvcTestContextBootstrapper : Using TestExecutionListeners: [org.springframework.test.context.web.ServletTestExecutionListener@758a41b0, org.springframework.test.context.support.DirtiesContextBeforeModesTestExecutionListener@75c2692b, org.springframework.test.context.event.ApplicationEventsTestExecutionListener@1de614f7, org.springframework.boot.test.mock.mockito.MockitoTestExecutionListener@60b6702e, org.springframework.boot.test.autoconfigure.SpringBootDependencyInjectionTestExecutionListener@47962a49, org.springframework.test.context.support.DirtiesContextTestExecutionListener@21fb98a1, org.springframework.test.context.transaction.TransactionalTestExecutionListener@c9761c5, org.springframework.test.context.jdbc.SqlScriptsTestExecutionListener@5ff34779, org.springframework.test.context.event.EventPublishingTestExecutionListener@29c1faac, org.springframework.boot.test.autoconfigure.restdocs.RestDocsTestExecutionListener@548251a5, org.springframework.boot.test.autoconfigure.web.client.MockRestServiceServerResetTestExecutionListener@632c8bb9, org.springframework.boot.test.autoconfigure.web.servlet.MockMvcPrintOnlyOnFailureTestExecutionListener@26a1c02a, org.springframework.boot.test.autoconfigure.web.servlet.WebDriverTestExecutionListener@934ac8, org.springframework.boot.test.autoconfigure.webservices.client.MockWebServiceServerTestExecutionListener@46da3c06, org.springframework.boot.test.mock.mockito.ResetMocksTestExecutionListener@41ac0627]
2022-05-20 16:09:57.133  INFO 29395 --- [Test worker] b.c.s.l.controllers.LivroControllerTest  : Starting LivroControllerTest using Java 17.0.3 on ygorsds with PID 29395 (started by ygorsds in /home/ygorsds/dev/projects/livraria)
2022-05-20 16:09:57.134  INFO 29395 --- [Test worker] b.c.s.l.controllers.LivroControllerTest  : The following 1 profile is active: "test"
2022-05-20 16:09:57.765  INFO 29395 --- [Test worker] o.s.b.t.m.w.SpringBootMockServletContext : Initializing Spring TestDispatcherServlet ''
2022-05-20 16:09:57.765  INFO 29395 --- [Test worker] o.s.t.web.servlet.TestDispatcherServlet  : Initializing Servlet ''
2022-05-20 16:09:57.766  INFO 29395 --- [Test worker] o.s.t.web.servlet.TestDispatcherServlet  : Completed initialization in 1 ms
2022-05-20 16:09:57.775  INFO 29395 --- [Test worker] b.c.s.l.controllers.LivroControllerTest  : Started LivroControllerTest in 0.664 seconds (JVM running for 15.124)
2022-05-20 16:09:58.314  INFO 29395 --- [Test worker] b.t.a.o.j.DataJpaTestContextBootstrapper : Neither @ContextConfiguration nor @ContextHierarchy found for test class [br.com.seap.livraria.repositories.livroReepositoryTest], using SpringBootContextLoader
2022-05-20 16:09:58.315  INFO 29395 --- [Test worker] o.s.t.c.support.AbstractContextLoader    : Could not detect default resource locations for test class [br.com.seap.livraria.repositories.livroReepositoryTest]: no resource found for suffixes {-context.xml, Context.groovy}.
2022-05-20 16:09:58.316  INFO 29395 --- [Test worker] t.c.s.AnnotationConfigContextLoaderUtils : Could not detect default configuration classes for test class [br.com.seap.livraria.repositories.livroReepositoryTest]: livroReepositoryTest does not declare any static, non-private, non-final, nested classes annotated with @Configuration.
2022-05-20 16:09:58.326  INFO 29395 --- [Test worker] .b.t.c.SpringBootTestContextBootstrapper : Found @SpringBootConfiguration br.com.seap.livraria.LivrariaApplication for test class br.com.seap.livraria.repositories.livroReepositoryTest
2022-05-20 16:09:58.328  INFO 29395 --- [Test worker] b.t.a.o.j.DataJpaTestContextBootstrapper : Loaded default TestExecutionListener class names from location [META-INF/spring.factories]: [org.springframework.boot.test.autoconfigure.restdocs.RestDocsTestExecutionListener, org.springframework.boot.test.autoconfigure.web.client.MockRestServiceServerResetTestExecutionListener, org.springframework.boot.test.autoconfigure.web.servlet.MockMvcPrintOnlyOnFailureTestExecutionListener, org.springframework.boot.test.autoconfigure.web.servlet.WebDriverTestExecutionListener, org.springframework.boot.test.autoconfigure.webservices.client.MockWebServiceServerTestExecutionListener, org.springframework.boot.test.mock.mockito.MockitoTestExecutionListener, org.springframework.boot.test.mock.mockito.ResetMocksTestExecutionListener, org.springframework.test.context.web.ServletTestExecutionListener, org.springframework.test.context.support.DirtiesContextBeforeModesTestExecutionListener, org.springframework.test.context.event.ApplicationEventsTestExecutionListener, org.springframework.test.context.support.DependencyInjectionTestExecutionListener, org.springframework.test.context.support.DirtiesContextTestExecutionListener, org.springframework.test.context.transaction.TransactionalTestExecutionListener, org.springframework.test.context.jdbc.SqlScriptsTestExecutionListener, org.springframework.test.context.event.EventPublishingTestExecutionListener]
2022-05-20 16:09:58.330  INFO 29395 --- [Test worker] b.t.a.o.j.DataJpaTestContextBootstrapper : Using TestExecutionListeners: [org.springframework.test.context.web.ServletTestExecutionListener@190db09c, org.springframework.test.context.support.DirtiesContextBeforeModesTestExecutionListener@6262770e, org.springframework.test.context.event.ApplicationEventsTestExecutionListener@7f4799b0, org.springframework.boot.test.mock.mockito.MockitoTestExecutionListener@74b1590e, org.springframework.boot.test.autoconfigure.SpringBootDependencyInjectionTestExecutionListener@4c8e54, org.springframework.test.context.support.DirtiesContextTestExecutionListener@71675354, org.springframework.test.context.transaction.TransactionalTestExecutionListener@322eded1, org.springframework.test.context.jdbc.SqlScriptsTestExecutionListener@4ca988b3, org.springframework.test.context.event.EventPublishingTestExecutionListener@28f3815c, org.springframework.boot.test.autoconfigure.restdocs.RestDocsTestExecutionListener@63c59ae5, org.springframework.boot.test.autoconfigure.web.client.MockRestServiceServerResetTestExecutionListener@2759181a, org.springframework.boot.test.autoconfigure.web.servlet.MockMvcPrintOnlyOnFailureTestExecutionListener@2735e052, org.springframework.boot.test.autoconfigure.web.servlet.WebDriverTestExecutionListener@13f86c89, org.springframework.boot.test.autoconfigure.webservices.client.MockWebServiceServerTestExecutionListener@5ca5dea1, org.springframework.boot.test.mock.mockito.ResetMocksTestExecutionListener@33d394e7]
2022-05-20 16:09:58.403  INFO 29395 --- [Test worker] b.c.s.l.r.livroReepositoryTest           : Starting livroReepositoryTest using Java 17.0.3 on ygorsds with PID 29395 (started by ygorsds in /home/ygorsds/dev/projects/livraria)
2022-05-20 16:09:58.404  INFO 29395 --- [Test worker] b.c.s.l.r.livroReepositoryTest           : The following 1 profile is active: "test"
2022-05-20 16:09:58.514  INFO 29395 --- [Test worker] .s.d.r.c.RepositoryConfigurationDelegate : Bootstrapping Spring Data JPA repositories in DEFAULT mode.
2022-05-20 16:09:58.525  INFO 29395 --- [Test worker] .s.d.r.c.RepositoryConfigurationDelegate : Finished Spring Data repository scanning in 10 ms. Found 1 JPA repository interfaces.
2022-05-20 16:09:58.547  INFO 29395 --- [Test worker] beddedDataSourceBeanFactoryPostProcessor : Replacing 'dataSource' DataSource bean with embedded version
2022-05-20 16:09:58.603  INFO 29395 --- [Test worker] o.s.j.d.e.EmbeddedDatabaseFactory        : Starting embedded database: url='jdbc:h2:mem:63447f3e-60aa-44dd-a8eb-34bab5954b4a;DB_CLOSE_DELAY=-1;DB_CLOSE_ON_EXIT=false', username='sa'
2022-05-20 16:09:58.650  INFO 29395 --- [Test worker] o.hibernate.jpa.internal.util.LogHelper  : HHH000204: Processing PersistenceUnitInfo [name: default]
2022-05-20 16:09:58.654  INFO 29395 --- [Test worker] org.hibernate.dialect.Dialect            : HHH000400: Using dialect: org.hibernate.dialect.H2Dialect
2022-05-20 16:09:58.685  INFO 29395 --- [Test worker] o.h.e.t.j.p.i.JtaPlatformInitiator       : HHH000490: Using JtaPlatform implementation: [org.hibernate.engine.transaction.jta.platform.internal.NoJtaPlatform]
2022-05-20 16:09:58.686  INFO 29395 --- [Test worker] j.LocalContainerEntityManagerFactoryBean : Initialized JPA EntityManagerFactory for persistence unit 'default'
2022-05-20 16:09:58.794  INFO 29395 --- [Test worker] b.c.s.l.r.livroReepositoryTest           : Started livroReepositoryTest in 0.459 seconds (JVM running for 16.142)
2022-05-20 16:09:58.819  INFO 29395 --- [Test worker] o.s.t.c.transaction.TransactionContext   : Began transaction (1) for test context [DefaultTestContext@630a089 testClass = livroReepositoryTest, testInstance = br.com.seap.livraria.repositories.livroReepositoryTest@2ce89123, testMethod = retornaVerdadeiroCasoISBNExista@livroReepositoryTest, testException = [null], mergedContextConfiguration = [MergedContextConfiguration@2cd1f49a testClass = livroReepositoryTest, locations = '{}', classes = '{class br.com.seap.livraria.LivrariaApplication}', contextInitializerClasses = '[]', activeProfiles = '{test}', propertySourceLocations = '{}', propertySourceProperties = '{org.springframework.boot.test.autoconfigure.orm.jpa.DataJpaTestContextBootstrapper=true}', contextCustomizers = set[org.springframework.boot.test.autoconfigure.OverrideAutoConfigurationContextCustomizerFactory$DisableAutoConfigurationContextCustomizer@7186e910, org.springframework.boot.test.autoconfigure.actuate.metrics.MetricsExportContextCustomizerFactory$DisableMetricExportContextCustomizer@624a24f6, org.springframework.boot.test.autoconfigure.filter.TypeExcludeFiltersContextCustomizer@351584c0, org.springframework.boot.test.autoconfigure.properties.PropertyMappingContextCustomizer@b35cc571, org.springframework.boot.test.autoconfigure.web.servlet.WebDriverContextCustomizerFactory$Customizer@45bb2aa1, [ImportsContextCustomizer@51ea12f1 key = [org.springframework.boot.autoconfigure.cache.CacheAutoConfiguration, org.springframework.boot.autoconfigure.data.jpa.JpaRepositoriesAutoConfiguration, org.springframework.boot.autoconfigure.flyway.FlywayAutoConfiguration, org.springframework.boot.autoconfigure.jdbc.DataSourceAutoConfiguration, org.springframework.boot.autoconfigure.jdbc.DataSourceTransactionManagerAutoConfiguration, org.springframework.boot.autoconfigure.jdbc.JdbcTemplateAutoConfiguration, org.springframework.boot.autoconfigure.liquibase.LiquibaseAutoConfiguration, org.springframework.boot.autoconfigure.orm.jpa.HibernateJpaAutoConfiguration, org.springframework.boot.autoconfigure.sql.init.SqlInitializationAutoConfiguration, org.springframework.boot.autoconfigure.transaction.TransactionAutoConfiguration, org.springframework.boot.test.autoconfigure.jdbc.TestDatabaseAutoConfiguration, org.springframework.boot.test.autoconfigure.orm.jpa.TestEntityManagerAutoConfiguration]], org.springframework.boot.test.context.filter.ExcludeFilterContextCustomizer@73545b80, org.springframework.boot.test.json.DuplicateJsonObjectContextCustomizerFactory$DuplicateJsonObjectContextCustomizer@7ea899a9, org.springframework.boot.test.mock.mockito.MockitoContextCustomizer@0, org.springframework.boot.test.context.SpringBootTestArgs@1, org.springframework.boot.test.context.SpringBootTestWebEnvironment@0], contextLoader = 'org.springframework.boot.test.context.SpringBootContextLoader', parent = [null]], attributes = map['org.springframework.test.context.event.ApplicationEventsTestExecutionListener.recordApplicationEvents' -> false]]; transaction manager [org.springframework.orm.jpa.JpaTransactionManager@60683b1c]; rollback [true]
2022-05-20 16:09:59.538  INFO 29395 --- [Test worker] o.s.t.c.transaction.TransactionContext   : Rolled back transaction for test: [DefaultTestContext@630a089 testClass = livroReepositoryTest, testInstance = br.com.seap.livraria.repositories.livroReepositoryTest@2ce89123, testMethod = retornaVerdadeiroCasoISBNExista@livroReepositoryTest, testException = [null], mergedContextConfiguration = [MergedContextConfiguration@2cd1f49a testClass = livroReepositoryTest, locations = '{}', classes = '{class br.com.seap.livraria.LivrariaApplication}', contextInitializerClasses = '[]', activeProfiles = '{test}', propertySourceLocations = '{}', propertySourceProperties = '{org.springframework.boot.test.autoconfigure.orm.jpa.DataJpaTestContextBootstrapper=true}', contextCustomizers = set[org.springframework.boot.test.autoconfigure.OverrideAutoConfigurationContextCustomizerFactory$DisableAutoConfigurationContextCustomizer@7186e910, org.springframework.boot.test.autoconfigure.actuate.metrics.MetricsExportContextCustomizerFactory$DisableMetricExportContextCustomizer@624a24f6, org.springframework.boot.test.autoconfigure.filter.TypeExcludeFiltersContextCustomizer@351584c0, org.springframework.boot.test.autoconfigure.properties.PropertyMappingContextCustomizer@b35cc571, org.springframework.boot.test.autoconfigure.web.servlet.WebDriverContextCustomizerFactory$Customizer@45bb2aa1, [ImportsContextCustomizer@51ea12f1 key = [org.springframework.boot.autoconfigure.cache.CacheAutoConfiguration, org.springframework.boot.autoconfigure.data.jpa.JpaRepositoriesAutoConfiguration, org.springframework.boot.autoconfigure.flyway.FlywayAutoConfiguration, org.springframework.boot.autoconfigure.jdbc.DataSourceAutoConfiguration, org.springframework.boot.autoconfigure.jdbc.DataSourceTransactionManagerAutoConfiguration, org.springframework.boot.autoconfigure.jdbc.JdbcTemplateAutoConfiguration, org.springframework.boot.autoconfigure.liquibase.LiquibaseAutoConfiguration, org.springframework.boot.autoconfigure.orm.jpa.HibernateJpaAutoConfiguration, org.springframework.boot.autoconfigure.sql.init.SqlInitializationAutoConfiguration, org.springframework.boot.autoconfigure.transaction.TransactionAutoConfiguration, org.springframework.boot.test.autoconfigure.jdbc.TestDatabaseAutoConfiguration, org.springframework.boot.test.autoconfigure.orm.jpa.TestEntityManagerAutoConfiguration]], org.springframework.boot.test.context.filter.ExcludeFilterContextCustomizer@73545b80, org.springframework.boot.test.json.DuplicateJsonObjectContextCustomizerFactory$DuplicateJsonObjectContextCustomizer@7ea899a9, org.springframework.boot.test.mock.mockito.MockitoContextCustomizer@0, org.springframework.boot.test.context.SpringBootTestArgs@1, org.springframework.boot.test.context.SpringBootTestWebEnvironment@0], contextLoader = 'org.springframework.boot.test.context.SpringBootContextLoader', parent = [null]], attributes = map['org.springframework.test.context.event.ApplicationEventsTestExecutionListener.recordApplicationEvents' -> false]]
2022-05-20 16:09:59.547  INFO 29395 --- [Test worker] o.s.t.c.transaction.TransactionContext   : Began transaction (1) for test context [DefaultTestContext@630a089 testClass = livroReepositoryTest, testInstance = br.com.seap.livraria.repositories.livroReepositoryTest@7b21cec3, testMethod = salvarNovoLivro@livroReepositoryTest, testException = [null], mergedContextConfiguration = [MergedContextConfiguration@2cd1f49a testClass = livroReepositoryTest, locations = '{}', classes = '{class br.com.seap.livraria.LivrariaApplication}', contextInitializerClasses = '[]', activeProfiles = '{test}', propertySourceLocations = '{}', propertySourceProperties = '{org.springframework.boot.test.autoconfigure.orm.jpa.DataJpaTestContextBootstrapper=true}', contextCustomizers = set[org.springframework.boot.test.autoconfigure.OverrideAutoConfigurationContextCustomizerFactory$DisableAutoConfigurationContextCustomizer@7186e910, org.springframework.boot.test.autoconfigure.actuate.metrics.MetricsExportContextCustomizerFactory$DisableMetricExportContextCustomizer@624a24f6, org.springframework.boot.test.autoconfigure.filter.TypeExcludeFiltersContextCustomizer@351584c0, org.springframework.boot.test.autoconfigure.properties.PropertyMappingContextCustomizer@b35cc571, org.springframework.boot.test.autoconfigure.web.servlet.WebDriverContextCustomizerFactory$Customizer@45bb2aa1, [ImportsContextCustomizer@51ea12f1 key = [org.springframework.boot.autoconfigure.cache.CacheAutoConfiguration, org.springframework.boot.autoconfigure.data.jpa.JpaRepositoriesAutoConfiguration, org.springframework.boot.autoconfigure.flyway.FlywayAutoConfiguration, org.springframework.boot.autoconfigure.jdbc.DataSourceAutoConfiguration, org.springframework.boot.autoconfigure.jdbc.DataSourceTransactionManagerAutoConfiguration, org.springframework.boot.autoconfigure.jdbc.JdbcTemplateAutoConfiguration, org.springframework.boot.autoconfigure.liquibase.LiquibaseAutoConfiguration, org.springframework.boot.autoconfigure.orm.jpa.HibernateJpaAutoConfiguration, org.springframework.boot.autoconfigure.sql.init.SqlInitializationAutoConfiguration, org.springframework.boot.autoconfigure.transaction.TransactionAutoConfiguration, org.springframework.boot.test.autoconfigure.jdbc.TestDatabaseAutoConfiguration, org.springframework.boot.test.autoconfigure.orm.jpa.TestEntityManagerAutoConfiguration]], org.springframework.boot.test.context.filter.ExcludeFilterContextCustomizer@73545b80, org.springframework.boot.test.json.DuplicateJsonObjectContextCustomizerFactory$DuplicateJsonObjectContextCustomizer@7ea899a9, org.springframework.boot.test.mock.mockito.MockitoContextCustomizer@0, org.springframework.boot.test.context.SpringBootTestArgs@1, org.springframework.boot.test.context.SpringBootTestWebEnvironment@0], contextLoader = 'org.springframework.boot.test.context.SpringBootContextLoader', parent = [null]], attributes = map['org.springframework.test.context.event.ApplicationEventsTestExecutionListener.recordApplicationEvents' -> false]]; transaction manager [org.springframework.orm.jpa.JpaTransactionManager@60683b1c]; rollback [true]
2022-05-20 16:09:59.590  INFO 29395 --- [Test worker] o.s.t.c.transaction.TransactionContext   : Rolled back transaction for test: [DefaultTestContext@630a089 testClass = livroReepositoryTest, testInstance = br.com.seap.livraria.repositories.livroReepositoryTest@7b21cec3, testMethod = salvarNovoLivro@livroReepositoryTest, testException = [null], mergedContextConfiguration = [MergedContextConfiguration@2cd1f49a testClass = livroReepositoryTest, locations = '{}', classes = '{class br.com.seap.livraria.LivrariaApplication}', contextInitializerClasses = '[]', activeProfiles = '{test}', propertySourceLocations = '{}', propertySourceProperties = '{org.springframework.boot.test.autoconfigure.orm.jpa.DataJpaTestContextBootstrapper=true}', contextCustomizers = set[org.springframework.boot.test.autoconfigure.OverrideAutoConfigurationContextCustomizerFactory$DisableAutoConfigurationContextCustomizer@7186e910, org.springframework.boot.test.autoconfigure.actuate.metrics.MetricsExportContextCustomizerFactory$DisableMetricExportContextCustomizer@624a24f6, org.springframework.boot.test.autoconfigure.filter.TypeExcludeFiltersContextCustomizer@351584c0, org.springframework.boot.test.autoconfigure.properties.PropertyMappingContextCustomizer@b35cc571, org.springframework.boot.test.autoconfigure.web.servlet.WebDriverContextCustomizerFactory$Customizer@45bb2aa1, [ImportsContextCustomizer@51ea12f1 key = [org.springframework.boot.autoconfigure.cache.CacheAutoConfiguration, org.springframework.boot.autoconfigure.data.jpa.JpaRepositoriesAutoConfiguration, org.springframework.boot.autoconfigure.flyway.FlywayAutoConfiguration, org.springframework.boot.autoconfigure.jdbc.DataSourceAutoConfiguration, org.springframework.boot.autoconfigure.jdbc.DataSourceTransactionManagerAutoConfiguration, org.springframework.boot.autoconfigure.jdbc.JdbcTemplateAutoConfiguration, org.springframework.boot.autoconfigure.liquibase.LiquibaseAutoConfiguration, org.springframework.boot.autoconfigure.orm.jpa.HibernateJpaAutoConfiguration, org.springframework.boot.autoconfigure.sql.init.SqlInitializationAutoConfiguration, org.springframework.boot.autoconfigure.transaction.TransactionAutoConfiguration, org.springframework.boot.test.autoconfigure.jdbc.TestDatabaseAutoConfiguration, org.springframework.boot.test.autoconfigure.orm.jpa.TestEntityManagerAutoConfiguration]], org.springframework.boot.test.context.filter.ExcludeFilterContextCustomizer@73545b80, org.springframework.boot.test.json.DuplicateJsonObjectContextCustomizerFactory$DuplicateJsonObjectContextCustomizer@7ea899a9, org.springframework.boot.test.mock.mockito.MockitoContextCustomizer@0, org.springframework.boot.test.context.SpringBootTestArgs@1, org.springframework.boot.test.context.SpringBootTestWebEnvironment@0], contextLoader = 'org.springframework.boot.test.context.SpringBootContextLoader', parent = [null]], attributes = map['org.springframework.test.context.event.ApplicationEventsTestExecutionListener.recordApplicationEvents' -> false]]
2022-05-20 16:09:59.600  INFO 29395 --- [Test worker] o.s.t.c.transaction.TransactionContext   : Began transaction (1) for test context [DefaultTestContext@630a089 testClass = livroReepositoryTest, testInstance = br.com.seap.livraria.repositories.livroReepositoryTest@1cf808, testMethod = deveDeletarLivro@livroReepositoryTest, testException = [null], mergedContextConfiguration = [MergedContextConfiguration@2cd1f49a testClass = livroReepositoryTest, locations = '{}', classes = '{class br.com.seap.livraria.LivrariaApplication}', contextInitializerClasses = '[]', activeProfiles = '{test}', propertySourceLocations = '{}', propertySourceProperties = '{org.springframework.boot.test.autoconfigure.orm.jpa.DataJpaTestContextBootstrapper=true}', contextCustomizers = set[org.springframework.boot.test.autoconfigure.OverrideAutoConfigurationContextCustomizerFactory$DisableAutoConfigurationContextCustomizer@7186e910, org.springframework.boot.test.autoconfigure.actuate.metrics.MetricsExportContextCustomizerFactory$DisableMetricExportContextCustomizer@624a24f6, org.springframework.boot.test.autoconfigure.filter.TypeExcludeFiltersContextCustomizer@351584c0, org.springframework.boot.test.autoconfigure.properties.PropertyMappingContextCustomizer@b35cc571, org.springframework.boot.test.autoconfigure.web.servlet.WebDriverContextCustomizerFactory$Customizer@45bb2aa1, [ImportsContextCustomizer@51ea12f1 key = [org.springframework.boot.autoconfigure.cache.CacheAutoConfiguration, org.springframework.boot.autoconfigure.data.jpa.JpaRepositoriesAutoConfiguration, org.springframework.boot.autoconfigure.flyway.FlywayAutoConfiguration, org.springframework.boot.autoconfigure.jdbc.DataSourceAutoConfiguration, org.springframework.boot.autoconfigure.jdbc.DataSourceTransactionManagerAutoConfiguration, org.springframework.boot.autoconfigure.jdbc.JdbcTemplateAutoConfiguration, org.springframework.boot.autoconfigure.liquibase.LiquibaseAutoConfiguration, org.springframework.boot.autoconfigure.orm.jpa.HibernateJpaAutoConfiguration, org.springframework.boot.autoconfigure.sql.init.SqlInitializationAutoConfiguration, org.springframework.boot.autoconfigure.transaction.TransactionAutoConfiguration, org.springframework.boot.test.autoconfigure.jdbc.TestDatabaseAutoConfiguration, org.springframework.boot.test.autoconfigure.orm.jpa.TestEntityManagerAutoConfiguration]], org.springframework.boot.test.context.filter.ExcludeFilterContextCustomizer@73545b80, org.springframework.boot.test.json.DuplicateJsonObjectContextCustomizerFactory$DuplicateJsonObjectContextCustomizer@7ea899a9, org.springframework.boot.test.mock.mockito.MockitoContextCustomizer@0, org.springframework.boot.test.context.SpringBootTestArgs@1, org.springframework.boot.test.context.SpringBootTestWebEnvironment@0], contextLoader = 'org.springframework.boot.test.context.SpringBootContextLoader', parent = [null]], attributes = map['org.springframework.test.context.event.ApplicationEventsTestExecutionListener.recordApplicationEvents' -> false]]; transaction manager [org.springframework.orm.jpa.JpaTransactionManager@60683b1c]; rollback [true]
2022-05-20 16:09:59.644  INFO 29395 --- [Test worker] o.s.t.c.transaction.TransactionContext   : Rolled back transaction for test: [DefaultTestContext@630a089 testClass = livroReepositoryTest, testInstance = br.com.seap.livraria.repositories.livroReepositoryTest@1cf808, testMethod = deveDeletarLivro@livroReepositoryTest, testException = [null], mergedContextConfiguration = [MergedContextConfiguration@2cd1f49a testClass = livroReepositoryTest, locations = '{}', classes = '{class br.com.seap.livraria.LivrariaApplication}', contextInitializerClasses = '[]', activeProfiles = '{test}', propertySourceLocations = '{}', propertySourceProperties = '{org.springframework.boot.test.autoconfigure.orm.jpa.DataJpaTestContextBootstrapper=true}', contextCustomizers = set[org.springframework.boot.test.autoconfigure.OverrideAutoConfigurationContextCustomizerFactory$DisableAutoConfigurationContextCustomizer@7186e910, org.springframework.boot.test.autoconfigure.actuate.metrics.MetricsExportContextCustomizerFactory$DisableMetricExportContextCustomizer@624a24f6, org.springframework.boot.test.autoconfigure.filter.TypeExcludeFiltersContextCustomizer@351584c0, org.springframework.boot.test.autoconfigure.properties.PropertyMappingContextCustomizer@b35cc571, org.springframework.boot.test.autoconfigure.web.servlet.WebDriverContextCustomizerFactory$Customizer@45bb2aa1, [ImportsContextCustomizer@51ea12f1 key = [org.springframework.boot.autoconfigure.cache.CacheAutoConfiguration, org.springframework.boot.autoconfigure.data.jpa.JpaRepositoriesAutoConfiguration, org.springframework.boot.autoconfigure.flyway.FlywayAutoConfiguration, org.springframework.boot.autoconfigure.jdbc.DataSourceAutoConfiguration, org.springframework.boot.autoconfigure.jdbc.DataSourceTransactionManagerAutoConfiguration, org.springframework.boot.autoconfigure.jdbc.JdbcTemplateAutoConfiguration, org.springframework.boot.autoconfigure.liquibase.LiquibaseAutoConfiguration, org.springframework.boot.autoconfigure.orm.jpa.HibernateJpaAutoConfiguration, org.springframework.boot.autoconfigure.sql.init.SqlInitializationAutoConfiguration, org.springframework.boot.autoconfigure.transaction.TransactionAutoConfiguration, org.springframework.boot.test.autoconfigure.jdbc.TestDatabaseAutoConfiguration, org.springframework.boot.test.autoconfigure.orm.jpa.TestEntityManagerAutoConfiguration]], org.springframework.boot.test.context.filter.ExcludeFilterContextCustomizer@73545b80, org.springframework.boot.test.json.DuplicateJsonObjectContextCustomizerFactory$DuplicateJsonObjectContextCustomizer@7ea899a9, org.springframework.boot.test.mock.mockito.MockitoContextCustomizer@0, org.springframework.boot.test.context.SpringBootTestArgs@1, org.springframework.boot.test.context.SpringBootTestWebEnvironment@0], contextLoader = 'org.springframework.boot.test.context.SpringBootContextLoader', parent = [null]], attributes = map['org.springframework.test.context.event.ApplicationEventsTestExecutionListener.recordApplicationEvents' -> false]]
2022-05-20 16:09:59.653  INFO 29395 --- [Test worker] o.s.t.c.transaction.TransactionContext   : Began transaction (1) for test context [DefaultTestContext@630a089 testClass = livroReepositoryTest, testInstance = br.com.seap.livraria.repositories.livroReepositoryTest@baf9560, testMethod = findByIdTest@livroReepositoryTest, testException = [null], mergedContextConfiguration = [MergedContextConfiguration@2cd1f49a testClass = livroReepositoryTest, locations = '{}', classes = '{class br.com.seap.livraria.LivrariaApplication}', contextInitializerClasses = '[]', activeProfiles = '{test}', propertySourceLocations = '{}', propertySourceProperties = '{org.springframework.boot.test.autoconfigure.orm.jpa.DataJpaTestContextBootstrapper=true}', contextCustomizers = set[org.springframework.boot.test.autoconfigure.OverrideAutoConfigurationContextCustomizerFactory$DisableAutoConfigurationContextCustomizer@7186e910, org.springframework.boot.test.autoconfigure.actuate.metrics.MetricsExportContextCustomizerFactory$DisableMetricExportContextCustomizer@624a24f6, org.springframework.boot.test.autoconfigure.filter.TypeExcludeFiltersContextCustomizer@351584c0, org.springframework.boot.test.autoconfigure.properties.PropertyMappingContextCustomizer@b35cc571, org.springframework.boot.test.autoconfigure.web.servlet.WebDriverContextCustomizerFactory$Customizer@45bb2aa1, [ImportsContextCustomizer@51ea12f1 key = [org.springframework.boot.autoconfigure.cache.CacheAutoConfiguration, org.springframework.boot.autoconfigure.data.jpa.JpaRepositoriesAutoConfiguration, org.springframework.boot.autoconfigure.flyway.FlywayAutoConfiguration, org.springframework.boot.autoconfigure.jdbc.DataSourceAutoConfiguration, org.springframework.boot.autoconfigure.jdbc.DataSourceTransactionManagerAutoConfiguration, org.springframework.boot.autoconfigure.jdbc.JdbcTemplateAutoConfiguration, org.springframework.boot.autoconfigure.liquibase.LiquibaseAutoConfiguration, org.springframework.boot.autoconfigure.orm.jpa.HibernateJpaAutoConfiguration, org.springframework.boot.autoconfigure.sql.init.SqlInitializationAutoConfiguration, org.springframework.boot.autoconfigure.transaction.TransactionAutoConfiguration, org.springframework.boot.test.autoconfigure.jdbc.TestDatabaseAutoConfiguration, org.springframework.boot.test.autoconfigure.orm.jpa.TestEntityManagerAutoConfiguration]], org.springframework.boot.test.context.filter.ExcludeFilterContextCustomizer@73545b80, org.springframework.boot.test.json.DuplicateJsonObjectContextCustomizerFactory$DuplicateJsonObjectContextCustomizer@7ea899a9, org.springframework.boot.test.mock.mockito.MockitoContextCustomizer@0, org.springframework.boot.test.context.SpringBootTestArgs@1, org.springframework.boot.test.context.SpringBootTestWebEnvironment@0], contextLoader = 'org.springframework.boot.test.context.SpringBootContextLoader', parent = [null]], attributes = map['org.springframework.test.context.event.ApplicationEventsTestExecutionListener.recordApplicationEvents' -> false]]; transaction manager [org.springframework.orm.jpa.JpaTransactionManager@60683b1c]; rollback [true]
2022-05-20 16:09:59.672  INFO 29395 --- [Test worker] o.s.t.c.transaction.TransactionContext   : Rolled back transaction for test: [DefaultTestContext@630a089 testClass = livroReepositoryTest, testInstance = br.com.seap.livraria.repositories.livroReepositoryTest@baf9560, testMethod = findByIdTest@livroReepositoryTest, testException = [null], mergedContextConfiguration = [MergedContextConfiguration@2cd1f49a testClass = livroReepositoryTest, locations = '{}', classes = '{class br.com.seap.livraria.LivrariaApplication}', contextInitializerClasses = '[]', activeProfiles = '{test}', propertySourceLocations = '{}', propertySourceProperties = '{org.springframework.boot.test.autoconfigure.orm.jpa.DataJpaTestContextBootstrapper=true}', contextCustomizers = set[org.springframework.boot.test.autoconfigure.OverrideAutoConfigurationContextCustomizerFactory$DisableAutoConfigurationContextCustomizer@7186e910, org.springframework.boot.test.autoconfigure.actuate.metrics.MetricsExportContextCustomizerFactory$DisableMetricExportContextCustomizer@624a24f6, org.springframework.boot.test.autoconfigure.filter.TypeExcludeFiltersContextCustomizer@351584c0, org.springframework.boot.test.autoconfigure.properties.PropertyMappingContextCustomizer@b35cc571, org.springframework.boot.test.autoconfigure.web.servlet.WebDriverContextCustomizerFactory$Customizer@45bb2aa1, [ImportsContextCustomizer@51ea12f1 key = [org.springframework.boot.autoconfigure.cache.CacheAutoConfiguration, org.springframework.boot.autoconfigure.data.jpa.JpaRepositoriesAutoConfiguration, org.springframework.boot.autoconfigure.flyway.FlywayAutoConfiguration, org.springframework.boot.autoconfigure.jdbc.DataSourceAutoConfiguration, org.springframework.boot.autoconfigure.jdbc.DataSourceTransactionManagerAutoConfiguration, org.springframework.boot.autoconfigure.jdbc.JdbcTemplateAutoConfiguration, org.springframework.boot.autoconfigure.liquibase.LiquibaseAutoConfiguration, org.springframework.boot.autoconfigure.orm.jpa.HibernateJpaAutoConfiguration, org.springframework.boot.autoconfigure.sql.init.SqlInitializationAutoConfiguration, org.springframework.boot.autoconfigure.transaction.TransactionAutoConfiguration, org.springframework.boot.test.autoconfigure.jdbc.TestDatabaseAutoConfiguration, org.springframework.boot.test.autoconfigure.orm.jpa.TestEntityManagerAutoConfiguration]], org.springframework.boot.test.context.filter.ExcludeFilterContextCustomizer@73545b80, org.springframework.boot.test.json.DuplicateJsonObjectContextCustomizerFactory$DuplicateJsonObjectContextCustomizer@7ea899a9, org.springframework.boot.test.mock.mockito.MockitoContextCustomizer@0, org.springframework.boot.test.context.SpringBootTestArgs@1, org.springframework.boot.test.context.SpringBootTestWebEnvironment@0], contextLoader = 'org.springframework.boot.test.context.SpringBootContextLoader', parent = [null]], attributes = map['org.springframework.test.context.event.ApplicationEventsTestExecutionListener.recordApplicationEvents' -> false]]
2022-05-20 16:09:59.692  INFO 29395 --- [Test worker] o.s.t.c.s.DefaultTestContextBootstrapper : Neither @ContextConfiguration nor @ContextHierarchy found for test class [br.com.seap.livraria.services.LivroServiceTest], using DelegatingSmartContextLoader
2022-05-20 16:09:59.693  INFO 29395 --- [Test worker] o.s.t.c.support.AbstractContextLoader    : Could not detect default resource locations for test class [br.com.seap.livraria.services.LivroServiceTest]: no resource found for suffixes {-context.xml}.
2022-05-20 16:09:59.695  INFO 29395 --- [Test worker] t.c.s.AnnotationConfigContextLoaderUtils : Could not detect default configuration classes for test class [br.com.seap.livraria.services.LivroServiceTest]: LivroServiceTest does not declare any static, non-private, non-final, nested classes annotated with @Configuration.
2022-05-20 16:09:59.701  INFO 29395 --- [Test worker] o.s.t.c.s.DefaultTestContextBootstrapper : Loaded default TestExecutionListener class names from location [META-INF/spring.factories]: [org.springframework.boot.test.autoconfigure.restdocs.RestDocsTestExecutionListener, org.springframework.boot.test.autoconfigure.web.client.MockRestServiceServerResetTestExecutionListener, org.springframework.boot.test.autoconfigure.web.servlet.MockMvcPrintOnlyOnFailureTestExecutionListener, org.springframework.boot.test.autoconfigure.web.servlet.WebDriverTestExecutionListener, org.springframework.boot.test.autoconfigure.webservices.client.MockWebServiceServerTestExecutionListener, org.springframework.boot.test.mock.mockito.MockitoTestExecutionListener, org.springframework.boot.test.mock.mockito.ResetMocksTestExecutionListener, org.springframework.test.context.web.ServletTestExecutionListener, org.springframework.test.context.support.DirtiesContextBeforeModesTestExecutionListener, org.springframework.test.context.event.ApplicationEventsTestExecutionListener, org.springframework.test.context.support.DependencyInjectionTestExecutionListener, org.springframework.test.context.support.DirtiesContextTestExecutionListener, org.springframework.test.context.transaction.TransactionalTestExecutionListener, org.springframework.test.context.jdbc.SqlScriptsTestExecutionListener, org.springframework.test.context.event.EventPublishingTestExecutionListener]
2022-05-20 16:09:59.703  INFO 29395 --- [Test worker] o.s.t.c.s.DefaultTestContextBootstrapper : Using TestExecutionListeners: [org.springframework.test.context.web.ServletTestExecutionListener@1653dfbf, org.springframework.test.context.support.DirtiesContextBeforeModesTestExecutionListener@1644d1cf, org.springframework.test.context.event.ApplicationEventsTestExecutionListener@3ddff8de, org.springframework.boot.test.mock.mockito.MockitoTestExecutionListener@38975904, org.springframework.test.context.support.DependencyInjectionTestExecutionListener@30b1d78e, org.springframework.test.context.support.DirtiesContextTestExecutionListener@4ba2fe, org.springframework.test.context.transaction.TransactionalTestExecutionListener@4290a321, org.springframework.test.context.jdbc.SqlScriptsTestExecutionListener@404d8d0e, org.springframework.test.context.event.EventPublishingTestExecutionListener@7e7e3f2e, org.springframework.boot.test.autoconfigure.restdocs.RestDocsTestExecutionListener@23ff2e4d, org.springframework.boot.test.autoconfigure.web.client.MockRestServiceServerResetTestExecutionListener@64b108b8, org.springframework.boot.test.autoconfigure.web.servlet.MockMvcPrintOnlyOnFailureTestExecutionListener@4838ccdd, org.springframework.boot.test.autoconfigure.web.servlet.WebDriverTestExecutionListener@47b00dbb, org.springframework.boot.test.autoconfigure.webservices.client.MockWebServiceServerTestExecutionListener@1de7ce46, org.springframework.boot.test.mock.mockito.ResetMocksTestExecutionListener@717fe18a]
2022-05-20 16:09:59.875  INFO 29395 --- [SpringApplicationShutdownHook] j.LocalContainerEntityManagerFactoryBean : Closing JPA EntityManagerFactory for persistence unit 'default'
2022-05-20 16:09:59.876  INFO 29395 --- [SpringApplicationShutdownHook] .SchemaDropperImpl$DelayedDropActionImpl : HHH000477: Starting delayed evictData of schema as part of SessionFactory shut-down'
2022-05-20 16:10:00.040  INFO 29395 --- [SpringApplicationShutdownHook] com.zaxxer.hikari.HikariDataSource       : HikariPool-1 - Shutdown initiated...
2022-05-20 16:10:00.042  INFO 29395 --- [SpringApplicationShutdownHook] com.zaxxer.hikari.HikariDataSource       : HikariPool-1 - Shutdown completed.
2022-05-20 16:10:00.045  INFO 29395 --- [SpringApplicationShutdownHook] j.LocalContainerEntityManagerFactoryBean : Closing JPA EntityManagerFactory for persistence unit 'default'
2022-05-20 16:10:00.045  INFO 29395 --- [SpringApplicationShutdownHook] .SchemaDropperImpl$DelayedDropActionImpl : HHH000477: Starting delayed evictData of schema as part of SessionFactory shut-down'
